<?xml version="1.0" encoding="UTF-8"?>
<!-- Generated by org.testng.reporters.JUnitXMLReporter -->
<testsuite hostname="DESKTOP-A71PO2S" ignored="0" name="Test(failed)(failed)" tests="3" failures="1" timestamp="24 Sep 2021 09:12:54 GMT" time="38.413" errors="0">
  <testcase name="vsmCanelation" time="23.62" classname="com.vsm.VSMCancellation">
    <failure type="org.openqa.selenium.NoSuchElementException" message="no such element: Unable to locate element: {&amp;quot;method&amp;quot;:&amp;quot;xpath&amp;quot;,&amp;quot;selector&amp;quot;:&amp;quot;//*[@id=&amp;apos;refundMethodonline&amp;apos;]/option[. = &amp;apos;STORECREDIT&amp;apos;]|//*[@id=&amp;apos;refundMethodoffline&amp;apos;]/option[. = &amp;apos;STORECREDIT&amp;apos;]|//*[@id=&amp;apos;refundMethodOld&amp;apos;]/option[. = &amp;apos;STORECREDIT&amp;apos;]&amp;quot;}
  (Session info: chrome=94.0.4606.61)
For documentation on this error, please visit: http://seleniumhq.org/exceptions/no_such_element.html
Build info: version: &amp;apos;3.14.0&amp;apos;, revision: &amp;apos;aacccce0&amp;apos;, time: &amp;apos;2018-08-02T20:19:58.91Z&amp;apos;
System info: host: &amp;apos;DESKTOP-A71PO2S&amp;apos;, ip: &amp;apos;10.10.10.12&amp;apos;, os.name: &amp;apos;Windows 10&amp;apos;, os.arch: &amp;apos;amd64&amp;apos;, os.version: &amp;apos;10.0&amp;apos;, java.version: &amp;apos;1.8.0_181&amp;apos;
Driver info: org.openqa.selenium.chrome.ChromeDriver
Capabilities {acceptInsecureCerts: false, browserName: chrome, browserVersion: 94.0.4606.61, chrome: {chromedriverVersion: 94.0.4606.41 (333e85df3c9b6..., userDataDir: C:\Users\Lenskart\AppData\L...}, goog:chromeOptions: {debuggerAddress: localhost:49431}, javascriptEnabled: true, networkConnectionEnabled: false, pageLoadStrategy: normal, platform: WINDOWS, platformName: WINDOWS, proxy: Proxy(), setWindowRect: true, strictFileInteractability: false, timeouts: {implicit: 0, pageLoad: 300000, script: 30000}, unhandledPromptBehavior: dismiss and notify, webauthn:extension:credBlob: true, webauthn:extension:largeBlob: true, webauthn:virtualAuthenticators: true}
Session ID: 1663a4352230cd06ee7748c34c8cd732
*** Element info: {Using=xpath, value=//*[@id=&amp;apos;refundMethodonline&amp;apos;]/option[. = &amp;apos;STORECREDIT&amp;apos;]|//*[@id=&amp;apos;refundMethodoffline&amp;apos;]/option[. = &amp;apos;STORECREDIT&amp;apos;]|//*[@id=&amp;apos;refundMethodOld&amp;apos;]/option[. = &amp;apos;STORECREDIT&amp;apos;]}">
      <![CDATA[org.openqa.selenium.NoSuchElementException: no such element: Unable to locate element: {"method":"xpath","selector":"//*[@id='refundMethodonline']/option[. = 'STORECREDIT']|//*[@id='refundMethodoffline']/option[. = 'STORECREDIT']|//*[@id='refundMethodOld']/option[. = 'STORECREDIT']"}
  (Session info: chrome=94.0.4606.61)
For documentation on this error, please visit: http://seleniumhq.org/exceptions/no_such_element.html
Build info: version: '3.14.0', revision: 'aacccce0', time: '2018-08-02T20:19:58.91Z'
System info: host: 'DESKTOP-A71PO2S', ip: '10.10.10.12', os.name: 'Windows 10', os.arch: 'amd64', os.version: '10.0', java.version: '1.8.0_181'
Driver info: org.openqa.selenium.chrome.ChromeDriver
Capabilities {acceptInsecureCerts: false, browserName: chrome, browserVersion: 94.0.4606.61, chrome: {chromedriverVersion: 94.0.4606.41 (333e85df3c9b6..., userDataDir: C:\Users\Lenskart\AppData\L...}, goog:chromeOptions: {debuggerAddress: localhost:49431}, javascriptEnabled: true, networkConnectionEnabled: false, pageLoadStrategy: normal, platform: WINDOWS, platformName: WINDOWS, proxy: Proxy(), setWindowRect: true, strictFileInteractability: false, timeouts: {implicit: 0, pageLoad: 300000, script: 30000}, unhandledPromptBehavior: dismiss and notify, webauthn:extension:credBlob: true, webauthn:extension:largeBlob: true, webauthn:virtualAuthenticators: true}
Session ID: 1663a4352230cd06ee7748c34c8cd732
*** Element info: {Using=xpath, value=//*[@id='refundMethodonline']/option[. = 'STORECREDIT']|//*[@id='refundMethodoffline']/option[. = 'STORECREDIT']|//*[@id='refundMethodOld']/option[. = 'STORECREDIT']}
at org.openqa.selenium.remote.http.W3CHttpResponseCodec.createException(W3CHttpResponseCodec.java:187)
at org.openqa.selenium.remote.http.W3CHttpResponseCodec.decode(W3CHttpResponseCodec.java:122)
at org.openqa.selenium.remote.http.W3CHttpResponseCodec.decode(W3CHttpResponseCodec.java:49)
at org.openqa.selenium.remote.HttpCommandExecutor.execute(HttpCommandExecutor.java:158)
at org.openqa.selenium.remote.service.DriverCommandExecutor.execute(DriverCommandExecutor.java:83)
at org.openqa.selenium.remote.RemoteWebDriver.execute(RemoteWebDriver.java:548)
at org.openqa.selenium.remote.RemoteWebDriver.findElement(RemoteWebDriver.java:322)
at org.openqa.selenium.remote.RemoteWebDriver.findElementByXPath(RemoteWebDriver.java:424)
at org.openqa.selenium.By$ByXPath.findElement(By.java:353)
at org.openqa.selenium.remote.RemoteWebDriver.findElement(RemoteWebDriver.java:314)
at com.vsm.VSMCancellation.vsmCanelation(VSMCancellation.java:164)
at java.util.concurrent.FutureTask.run(Unknown Source)
at java.util.concurrent.Executors$RunnableAdapter.call(Unknown Source)
at java.util.concurrent.FutureTask.run(Unknown Source)
at java.util.concurrent.ThreadPoolExecutor.runWorker(Unknown Source)
at java.util.concurrent.ThreadPoolExecutor$Worker.run(Unknown Source)
at java.lang.Thread.run(Unknown Source)
... Removed 13 stack frames]]>
    </failure>
  </testcase> <!-- vsmCanelation -->
  <testcase name="vsmCanelation" time="28.428" classname="com.vsm.VSMCancellation"/>
  <testcase name="vsmCanelation" time="14.294" classname="com.vsm.VSMCancellation"/>
</testsuite> <!-- Test(failed)(failed) -->
