<html>
<head>
<title>TestNG:  Test</title>
<link href="../testng.css" rel="stylesheet" type="text/css" />
<link href="../my-testng.css" rel="stylesheet" type="text/css" />

<style type="text/css">
.log { display: none;} 
.stack-trace { display: none;} 
</style>
<script type="text/javascript">
<!--
function flip(e) {
  current = e.style.display;
  if (current == 'block') {
    e.style.display = 'none';
    return 0;
  }
  else {
    e.style.display = 'block';
    return 1;
  }
}

function toggleBox(szDivId, elem, msg1, msg2)
{
  var res = -1;  if (document.getElementById) {
    res = flip(document.getElementById(szDivId));
  }
  else if (document.all) {
    // this is the way old msie versions work
    res = flip(document.all[szDivId]);
  }
  if(elem) {
    if(res == 0) elem.innerHTML = msg1; else elem.innerHTML = msg2;
  }

}

function toggleAllBoxes() {
  if (document.getElementsByTagName) {
    d = document.getElementsByTagName('div');
    for (i = 0; i < d.length; i++) {
      if (d[i].className == 'log') {
        flip(d[i]);
      }
    }
  }
}

// -->
</script>

</head>
<body>
<h2 align='center'>Test</h2><table border='1' align="center">
<tr>
<td>Tests passed/Failed/Skipped:</td><td>86/5/0</td>
</tr><tr>
<td>Started on:</td><td>Fri Apr 15 13:39:58 IST 2022</td>
</tr>
<tr><td>Total time:</td><td>2451 seconds (2451905 ms)</td>
</tr><tr>
<td>Included groups:</td><td></td>
</tr><tr>
<td>Excluded groups:</td><td></td>
</tr>
</table><p/>
<small><i>(Hover the method name to see the test class name)</i></small><p/>
<table width='100%' border='1' class='invocation-failed'>
<tr><td colspan='4' align='center'><b>FAILED TESTS</b></td></tr>
<tr><td><b>Test method</b></td>
<td width="30%"><b>Exception</b></td>
<td width="10%"><b>Time (seconds)</b></td>
<td><b>Instance</b></td>
</tr>
<tr>
<td title='com.vsm.VSMCancellation.vsmCanelation()'><b>vsmCanelation</b><br>Test class: com.vsm.VSMCancellation<br>Parameters: 4000000000</td>
<td><div><pre>org.openqa.selenium.NoSuchElementException: no such element: Unable to locate element: {&quot;method&quot;:&quot;xpath&quot;,&quot;selector&quot;:&quot;//span[@style=&apos;color:green;font-size:20px;&apos;]&quot;}
  (Session info: headless chrome=100.0.4896.88)
For documentation on this error, please visit: https://www.seleniumhq.org/exceptions/no_such_element.html
Build info: version: &apos;3.141.59&apos;, revision: &apos;e82be7d358&apos;, time: &apos;2018-11-14T08:17:03&apos;
System info: host: &apos;DESKTOP-A71PO2S&apos;, ip: &apos;10.0.0.4&apos;, os.name: &apos;Windows 10&apos;, os.arch: &apos;amd64&apos;, os.version: &apos;10.0&apos;, java.version: &apos;13.0.1&apos;
Driver info: org.openqa.selenium.chrome.ChromeDriver
Capabilities {acceptInsecureCerts: false, browserName: chrome, browserVersion: 100.0.4896.88, chrome: {chromedriverVersion: 100.0.4896.60 (6a5d10861ce8..., userDataDir: C:\Users\Lenskart\AppData\L...}, goog:chromeOptions: {debuggerAddress: localhost:65004}, javascriptEnabled: true, networkConnectionEnabled: false, pageLoadStrategy: normal, platform: WINDOWS, platformName: WINDOWS, proxy: Proxy(), setWindowRect: true, strictFileInteractability: false, timeouts: {implicit: 0, pageLoad: 300000, script: 30000}, unhandledPromptBehavior: dismiss and notify, webauthn:extension:credBlob: true, webauthn:extension:largeBlob: true, webauthn:virtualAuthenticators: true}
Session ID: 6a7dbd331f17fe5607bc5736015b6d5b
*** Element info: {Using=xpath, value=//span[@style=&apos;color:green;font-size:20px;&apos;]}
	at org.openqa.selenium.remote.http.W3CHttpResponseCodec.createException(W3CHttpResponseCodec.java:187)
	at org.openqa.selenium.remote.http.W3CHttpResponseCodec.decode(W3CHttpResponseCodec.java:122)
	at org.openqa.selenium.remote.http.W3CHttpResponseCodec.decode(W3CHttpResponseCodec.java:49)
	at org.openqa.selenium.remote.HttpCommandExecutor.execute(HttpCommandExecutor.java:158)
	at org.openqa.selenium.remote.service.DriverCommandExecutor.execute(DriverCommandExecutor.java:83)
	at org.openqa.selenium.remote.RemoteWebDriver.execute(RemoteWebDriver.java:552)
	at org.openqa.selenium.remote.RemoteWebDriver.findElement(RemoteWebDriver.java:323)
	at org.openqa.selenium.remote.RemoteWebDriver.findElementByXPath(RemoteWebDriver.java:428)
	at org.openqa.selenium.By$ByXPath.findElement(By.java:353)
	at org.openqa.selenium.remote.RemoteWebDriver.findElement(RemoteWebDriver.java:315)
	at com.vsm.VSMCancellation.vsmCanelation(VSMCancellation.java:139)
	at java.base/java.util.concurrent.FutureTask.run(FutureTask.java:264)
	at java.base/java.util.concurrent.Executors$RunnableAdapter.call(Executors.java:515)
	at java.base/java.util.concurrent.FutureTask.run(FutureTask.java:264)
	at java.base/java.util.concurrent.ThreadPoolExecutor.runWorker(ThreadPoolExecutor.java:1128)
	at java.base/java.util.concurrent.ThreadPoolExecutor$Worker.run(ThreadPoolExecutor.java:628)
	at java.base/java.lang.Thread.run(Thread.java:830)
... Removed 13 stack frames</pre></div><a href='#' onClick='toggleBox("stack-trace1529636802", this, "Click to show all stack frames", "Click to hide stack frames")'>Click to show all stack frames</a>
<div class='stack-trace' id='stack-trace1529636802'><pre>org.openqa.selenium.NoSuchElementException: no such element: Unable to locate element: {&quot;method&quot;:&quot;xpath&quot;,&quot;selector&quot;:&quot;//span[@style=&apos;color:green;font-size:20px;&apos;]&quot;}
  (Session info: headless chrome=100.0.4896.88)
For documentation on this error, please visit: https://www.seleniumhq.org/exceptions/no_such_element.html
Build info: version: &apos;3.141.59&apos;, revision: &apos;e82be7d358&apos;, time: &apos;2018-11-14T08:17:03&apos;
System info: host: &apos;DESKTOP-A71PO2S&apos;, ip: &apos;10.0.0.4&apos;, os.name: &apos;Windows 10&apos;, os.arch: &apos;amd64&apos;, os.version: &apos;10.0&apos;, java.version: &apos;13.0.1&apos;
Driver info: org.openqa.selenium.chrome.ChromeDriver
Capabilities {acceptInsecureCerts: false, browserName: chrome, browserVersion: 100.0.4896.88, chrome: {chromedriverVersion: 100.0.4896.60 (6a5d10861ce8..., userDataDir: C:\Users\Lenskart\AppData\L...}, goog:chromeOptions: {debuggerAddress: localhost:65004}, javascriptEnabled: true, networkConnectionEnabled: false, pageLoadStrategy: normal, platform: WINDOWS, platformName: WINDOWS, proxy: Proxy(), setWindowRect: true, strictFileInteractability: false, timeouts: {implicit: 0, pageLoad: 300000, script: 30000}, unhandledPromptBehavior: dismiss and notify, webauthn:extension:credBlob: true, webauthn:extension:largeBlob: true, webauthn:virtualAuthenticators: true}
Session ID: 6a7dbd331f17fe5607bc5736015b6d5b
*** Element info: {Using=xpath, value=//span[@style=&apos;color:green;font-size:20px;&apos;]}
	at jdk.internal.reflect.GeneratedConstructorAccessor22.newInstance(Unknown Source)
	at java.base/jdk.internal.reflect.DelegatingConstructorAccessorImpl.newInstance(DelegatingConstructorAccessorImpl.java:45)
	at java.base/java.lang.reflect.Constructor.newInstanceWithCaller(Constructor.java:500)
	at java.base/java.lang.reflect.Constructor.newInstance(Constructor.java:481)
	at org.openqa.selenium.remote.http.W3CHttpResponseCodec.createException(W3CHttpResponseCodec.java:187)
	at org.openqa.selenium.remote.http.W3CHttpResponseCodec.decode(W3CHttpResponseCodec.java:122)
	at org.openqa.selenium.remote.http.W3CHttpResponseCodec.decode(W3CHttpResponseCodec.java:49)
	at org.openqa.selenium.remote.HttpCommandExecutor.execute(HttpCommandExecutor.java:158)
	at org.openqa.selenium.remote.service.DriverCommandExecutor.execute(DriverCommandExecutor.java:83)
	at org.openqa.selenium.remote.RemoteWebDriver.execute(RemoteWebDriver.java:552)
	at org.openqa.selenium.remote.RemoteWebDriver.findElement(RemoteWebDriver.java:323)
	at org.openqa.selenium.remote.RemoteWebDriver.findElementByXPath(RemoteWebDriver.java:428)
	at org.openqa.selenium.By$ByXPath.findElement(By.java:353)
	at org.openqa.selenium.remote.RemoteWebDriver.findElement(RemoteWebDriver.java:315)
	at com.vsm.VSMCancellation.vsmCanelation(VSMCancellation.java:139)
	at java.base/jdk.internal.reflect.NativeMethodAccessorImpl.invoke0(Native Method)
	at java.base/jdk.internal.reflect.NativeMethodAccessorImpl.invoke(NativeMethodAccessorImpl.java:62)
	at java.base/jdk.internal.reflect.DelegatingMethodAccessorImpl.invoke(DelegatingMethodAccessorImpl.java:43)
	at java.base/java.lang.reflect.Method.invoke(Method.java:567)
	at org.testng.internal.MethodInvocationHelper.invokeMethod(MethodInvocationHelper.java:132)
	at org.testng.internal.TestInvoker.invokeMethod(TestInvoker.java:599)
	at org.testng.internal.TestInvoker.invokeTestMethod(TestInvoker.java:174)
	at org.testng.internal.TestMethodWithDataProviderMethodWorker.call(TestMethodWithDataProviderMethodWorker.java:77)
	at org.testng.internal.TestMethodWithDataProviderMethodWorker.call(TestMethodWithDataProviderMethodWorker.java:15)
	at java.base/java.util.concurrent.FutureTask.run(FutureTask.java:264)
	at java.base/java.util.concurrent.Executors$RunnableAdapter.call(Executors.java:515)
	at java.base/java.util.concurrent.FutureTask.run(FutureTask.java:264)
	at java.base/java.util.concurrent.ThreadPoolExecutor.runWorker(ThreadPoolExecutor.java:1128)
	at java.base/java.util.concurrent.ThreadPoolExecutor$Worker.run(ThreadPoolExecutor.java:628)
	at java.base/java.lang.Thread.run(Thread.java:830)
</pre></div></td>
<td>174</td>
<td>com.vsm.VSMCancellation@31c88ec8</td></tr>
<tr>
<td title='com.vsm.VSMCancellation.vsmCanelation()'><b>vsmCanelation</b><br>Test class: com.vsm.VSMCancellation<br>Parameters: 9620619319</td>
<td><div><pre>org.openqa.selenium.NoSuchElementException: no such element: Unable to locate element: {&quot;method&quot;:&quot;xpath&quot;,&quot;selector&quot;:&quot;//*[@id=&apos;rounded-corner&apos;]/tbody/tr[1]/td[2]&quot;}
  (Session info: headless chrome=100.0.4896.88)
For documentation on this error, please visit: https://www.seleniumhq.org/exceptions/no_such_element.html
Build info: version: &apos;3.141.59&apos;, revision: &apos;e82be7d358&apos;, time: &apos;2018-11-14T08:17:03&apos;
System info: host: &apos;DESKTOP-A71PO2S&apos;, ip: &apos;10.0.0.4&apos;, os.name: &apos;Windows 10&apos;, os.arch: &apos;amd64&apos;, os.version: &apos;10.0&apos;, java.version: &apos;13.0.1&apos;
Driver info: org.openqa.selenium.chrome.ChromeDriver
Capabilities {acceptInsecureCerts: false, browserName: chrome, browserVersion: 100.0.4896.88, chrome: {chromedriverVersion: 100.0.4896.60 (6a5d10861ce8..., userDataDir: C:\Users\Lenskart\AppData\L...}, goog:chromeOptions: {debuggerAddress: localhost:51280}, javascriptEnabled: true, networkConnectionEnabled: false, pageLoadStrategy: normal, platform: WINDOWS, platformName: WINDOWS, proxy: Proxy(), setWindowRect: true, strictFileInteractability: false, timeouts: {implicit: 0, pageLoad: 300000, script: 30000}, unhandledPromptBehavior: dismiss and notify, webauthn:extension:credBlob: true, webauthn:extension:largeBlob: true, webauthn:virtualAuthenticators: true}
Session ID: 065014f3d306376702d22574fe6d3c3f
*** Element info: {Using=xpath, value=//*[@id=&apos;rounded-corner&apos;]/tbody/tr[1]/td[2]}
	at org.openqa.selenium.remote.http.W3CHttpResponseCodec.createException(W3CHttpResponseCodec.java:187)
	at org.openqa.selenium.remote.http.W3CHttpResponseCodec.decode(W3CHttpResponseCodec.java:122)
	at org.openqa.selenium.remote.http.W3CHttpResponseCodec.decode(W3CHttpResponseCodec.java:49)
	at org.openqa.selenium.remote.HttpCommandExecutor.execute(HttpCommandExecutor.java:158)
	at org.openqa.selenium.remote.service.DriverCommandExecutor.execute(DriverCommandExecutor.java:83)
	at org.openqa.selenium.remote.RemoteWebDriver.execute(RemoteWebDriver.java:552)
	at org.openqa.selenium.remote.RemoteWebDriver.findElement(RemoteWebDriver.java:323)
	at org.openqa.selenium.remote.RemoteWebDriver.findElementByXPath(RemoteWebDriver.java:428)
	at org.openqa.selenium.By$ByXPath.findElement(By.java:353)
	at org.openqa.selenium.remote.RemoteWebDriver.findElement(RemoteWebDriver.java:315)
	at com.vsm.VSMCancellation.vsmCanelation(VSMCancellation.java:86)
	at java.base/java.util.concurrent.FutureTask.run(FutureTask.java:264)
	at java.base/java.util.concurrent.Executors$RunnableAdapter.call(Executors.java:515)
	at java.base/java.util.concurrent.FutureTask.run(FutureTask.java:264)
	at java.base/java.util.concurrent.ThreadPoolExecutor.runWorker(ThreadPoolExecutor.java:1128)
	at java.base/java.util.concurrent.ThreadPoolExecutor$Worker.run(ThreadPoolExecutor.java:628)
	at java.base/java.lang.Thread.run(Thread.java:830)
... Removed 12 stack frames</pre></div><a href='#' onClick='toggleBox("stack-trace76955460", this, "Click to show all stack frames", "Click to hide stack frames")'>Click to show all stack frames</a>
<div class='stack-trace' id='stack-trace76955460'><pre>org.openqa.selenium.NoSuchElementException: no such element: Unable to locate element: {&quot;method&quot;:&quot;xpath&quot;,&quot;selector&quot;:&quot;//*[@id=&apos;rounded-corner&apos;]/tbody/tr[1]/td[2]&quot;}
  (Session info: headless chrome=100.0.4896.88)
For documentation on this error, please visit: https://www.seleniumhq.org/exceptions/no_such_element.html
Build info: version: &apos;3.141.59&apos;, revision: &apos;e82be7d358&apos;, time: &apos;2018-11-14T08:17:03&apos;
System info: host: &apos;DESKTOP-A71PO2S&apos;, ip: &apos;10.0.0.4&apos;, os.name: &apos;Windows 10&apos;, os.arch: &apos;amd64&apos;, os.version: &apos;10.0&apos;, java.version: &apos;13.0.1&apos;
Driver info: org.openqa.selenium.chrome.ChromeDriver
Capabilities {acceptInsecureCerts: false, browserName: chrome, browserVersion: 100.0.4896.88, chrome: {chromedriverVersion: 100.0.4896.60 (6a5d10861ce8..., userDataDir: C:\Users\Lenskart\AppData\L...}, goog:chromeOptions: {debuggerAddress: localhost:51280}, javascriptEnabled: true, networkConnectionEnabled: false, pageLoadStrategy: normal, platform: WINDOWS, platformName: WINDOWS, proxy: Proxy(), setWindowRect: true, strictFileInteractability: false, timeouts: {implicit: 0, pageLoad: 300000, script: 30000}, unhandledPromptBehavior: dismiss and notify, webauthn:extension:credBlob: true, webauthn:extension:largeBlob: true, webauthn:virtualAuthenticators: true}
Session ID: 065014f3d306376702d22574fe6d3c3f
*** Element info: {Using=xpath, value=//*[@id=&apos;rounded-corner&apos;]/tbody/tr[1]/td[2]}
	at jdk.internal.reflect.GeneratedConstructorAccessor22.newInstance(Unknown Source)
	at java.base/jdk.internal.reflect.DelegatingConstructorAccessorImpl.newInstance(DelegatingConstructorAccessorImpl.java:45)
	at java.base/java.lang.reflect.Constructor.newInstanceWithCaller(Constructor.java:500)
	at java.base/java.lang.reflect.Constructor.newInstance(Constructor.java:481)
	at org.openqa.selenium.remote.http.W3CHttpResponseCodec.createException(W3CHttpResponseCodec.java:187)
	at org.openqa.selenium.remote.http.W3CHttpResponseCodec.decode(W3CHttpResponseCodec.java:122)
	at org.openqa.selenium.remote.http.W3CHttpResponseCodec.decode(W3CHttpResponseCodec.java:49)
	at org.openqa.selenium.remote.HttpCommandExecutor.execute(HttpCommandExecutor.java:158)
	at org.openqa.selenium.remote.service.DriverCommandExecutor.execute(DriverCommandExecutor.java:83)
	at org.openqa.selenium.remote.RemoteWebDriver.execute(RemoteWebDriver.java:552)
	at org.openqa.selenium.remote.RemoteWebDriver.findElement(RemoteWebDriver.java:323)
	at org.openqa.selenium.remote.RemoteWebDriver.findElementByXPath(RemoteWebDriver.java:428)
	at org.openqa.selenium.By$ByXPath.findElement(By.java:353)
	at org.openqa.selenium.remote.RemoteWebDriver.findElement(RemoteWebDriver.java:315)
	at com.vsm.VSMCancellation.vsmCanelation(VSMCancellation.java:86)
	at jdk.internal.reflect.GeneratedMethodAccessor1.invoke(Unknown Source)
	at java.base/jdk.internal.reflect.DelegatingMethodAccessorImpl.invoke(DelegatingMethodAccessorImpl.java:43)
	at java.base/java.lang.reflect.Method.invoke(Method.java:567)
	at org.testng.internal.MethodInvocationHelper.invokeMethod(MethodInvocationHelper.java:132)
	at org.testng.internal.TestInvoker.invokeMethod(TestInvoker.java:599)
	at org.testng.internal.TestInvoker.invokeTestMethod(TestInvoker.java:174)
	at org.testng.internal.TestMethodWithDataProviderMethodWorker.call(TestMethodWithDataProviderMethodWorker.java:77)
	at org.testng.internal.TestMethodWithDataProviderMethodWorker.call(TestMethodWithDataProviderMethodWorker.java:15)
	at java.base/java.util.concurrent.FutureTask.run(FutureTask.java:264)
	at java.base/java.util.concurrent.Executors$RunnableAdapter.call(Executors.java:515)
	at java.base/java.util.concurrent.FutureTask.run(FutureTask.java:264)
	at java.base/java.util.concurrent.ThreadPoolExecutor.runWorker(ThreadPoolExecutor.java:1128)
	at java.base/java.util.concurrent.ThreadPoolExecutor$Worker.run(ThreadPoolExecutor.java:628)
	at java.base/java.lang.Thread.run(Thread.java:830)
</pre></div></td>
<td>18</td>
<td>com.vsm.VSMCancellation@31c88ec8</td></tr>
<tr>
<td title='com.vsm.VSMCancellation.vsmCanelation()'><b>vsmCanelation</b><br>Test class: com.vsm.VSMCancellation<br>Parameters: test@gmail.com</td>
<td><div><pre>org.openqa.selenium.NoSuchElementException: no such element: Unable to locate element: {&quot;method&quot;:&quot;xpath&quot;,&quot;selector&quot;:&quot;//span[@style=&apos;color:green;font-size:20px;&apos;]&quot;}
  (Session info: headless chrome=100.0.4896.88)
For documentation on this error, please visit: https://www.seleniumhq.org/exceptions/no_such_element.html
Build info: version: &apos;3.141.59&apos;, revision: &apos;e82be7d358&apos;, time: &apos;2018-11-14T08:17:03&apos;
System info: host: &apos;DESKTOP-A71PO2S&apos;, ip: &apos;10.0.0.4&apos;, os.name: &apos;Windows 10&apos;, os.arch: &apos;amd64&apos;, os.version: &apos;10.0&apos;, java.version: &apos;13.0.1&apos;
Driver info: org.openqa.selenium.chrome.ChromeDriver
Capabilities {acceptInsecureCerts: false, browserName: chrome, browserVersion: 100.0.4896.88, chrome: {chromedriverVersion: 100.0.4896.60 (6a5d10861ce8..., userDataDir: C:\Users\Lenskart\AppData\L...}, goog:chromeOptions: {debuggerAddress: localhost:51372}, javascriptEnabled: true, networkConnectionEnabled: false, pageLoadStrategy: normal, platform: WINDOWS, platformName: WINDOWS, proxy: Proxy(), setWindowRect: true, strictFileInteractability: false, timeouts: {implicit: 0, pageLoad: 300000, script: 30000}, unhandledPromptBehavior: dismiss and notify, webauthn:extension:credBlob: true, webauthn:extension:largeBlob: true, webauthn:virtualAuthenticators: true}
Session ID: 37fc40472dd3e025fc7c0083f801c6e5
*** Element info: {Using=xpath, value=//span[@style=&apos;color:green;font-size:20px;&apos;]}
	at org.openqa.selenium.remote.http.W3CHttpResponseCodec.createException(W3CHttpResponseCodec.java:187)
	at org.openqa.selenium.remote.http.W3CHttpResponseCodec.decode(W3CHttpResponseCodec.java:122)
	at org.openqa.selenium.remote.http.W3CHttpResponseCodec.decode(W3CHttpResponseCodec.java:49)
	at org.openqa.selenium.remote.HttpCommandExecutor.execute(HttpCommandExecutor.java:158)
	at org.openqa.selenium.remote.service.DriverCommandExecutor.execute(DriverCommandExecutor.java:83)
	at org.openqa.selenium.remote.RemoteWebDriver.execute(RemoteWebDriver.java:552)
	at org.openqa.selenium.remote.RemoteWebDriver.findElement(RemoteWebDriver.java:323)
	at org.openqa.selenium.remote.RemoteWebDriver.findElementByXPath(RemoteWebDriver.java:428)
	at org.openqa.selenium.By$ByXPath.findElement(By.java:353)
	at org.openqa.selenium.remote.RemoteWebDriver.findElement(RemoteWebDriver.java:315)
	at com.vsm.VSMCancellation.vsmCanelation(VSMCancellation.java:139)
	at java.base/java.util.concurrent.FutureTask.run(FutureTask.java:264)
	at java.base/java.util.concurrent.Executors$RunnableAdapter.call(Executors.java:515)
	at java.base/java.util.concurrent.FutureTask.run(FutureTask.java:264)
	at java.base/java.util.concurrent.ThreadPoolExecutor.runWorker(ThreadPoolExecutor.java:1128)
	at java.base/java.util.concurrent.ThreadPoolExecutor$Worker.run(ThreadPoolExecutor.java:628)
	at java.base/java.lang.Thread.run(Thread.java:830)
... Removed 12 stack frames</pre></div><a href='#' onClick='toggleBox("stack-trace790724125", this, "Click to show all stack frames", "Click to hide stack frames")'>Click to show all stack frames</a>
<div class='stack-trace' id='stack-trace790724125'><pre>org.openqa.selenium.NoSuchElementException: no such element: Unable to locate element: {&quot;method&quot;:&quot;xpath&quot;,&quot;selector&quot;:&quot;//span[@style=&apos;color:green;font-size:20px;&apos;]&quot;}
  (Session info: headless chrome=100.0.4896.88)
For documentation on this error, please visit: https://www.seleniumhq.org/exceptions/no_such_element.html
Build info: version: &apos;3.141.59&apos;, revision: &apos;e82be7d358&apos;, time: &apos;2018-11-14T08:17:03&apos;
System info: host: &apos;DESKTOP-A71PO2S&apos;, ip: &apos;10.0.0.4&apos;, os.name: &apos;Windows 10&apos;, os.arch: &apos;amd64&apos;, os.version: &apos;10.0&apos;, java.version: &apos;13.0.1&apos;
Driver info: org.openqa.selenium.chrome.ChromeDriver
Capabilities {acceptInsecureCerts: false, browserName: chrome, browserVersion: 100.0.4896.88, chrome: {chromedriverVersion: 100.0.4896.60 (6a5d10861ce8..., userDataDir: C:\Users\Lenskart\AppData\L...}, goog:chromeOptions: {debuggerAddress: localhost:51372}, javascriptEnabled: true, networkConnectionEnabled: false, pageLoadStrategy: normal, platform: WINDOWS, platformName: WINDOWS, proxy: Proxy(), setWindowRect: true, strictFileInteractability: false, timeouts: {implicit: 0, pageLoad: 300000, script: 30000}, unhandledPromptBehavior: dismiss and notify, webauthn:extension:credBlob: true, webauthn:extension:largeBlob: true, webauthn:virtualAuthenticators: true}
Session ID: 37fc40472dd3e025fc7c0083f801c6e5
*** Element info: {Using=xpath, value=//span[@style=&apos;color:green;font-size:20px;&apos;]}
	at jdk.internal.reflect.GeneratedConstructorAccessor22.newInstance(Unknown Source)
	at java.base/jdk.internal.reflect.DelegatingConstructorAccessorImpl.newInstance(DelegatingConstructorAccessorImpl.java:45)
	at java.base/java.lang.reflect.Constructor.newInstanceWithCaller(Constructor.java:500)
	at java.base/java.lang.reflect.Constructor.newInstance(Constructor.java:481)
	at org.openqa.selenium.remote.http.W3CHttpResponseCodec.createException(W3CHttpResponseCodec.java:187)
	at org.openqa.selenium.remote.http.W3CHttpResponseCodec.decode(W3CHttpResponseCodec.java:122)
	at org.openqa.selenium.remote.http.W3CHttpResponseCodec.decode(W3CHttpResponseCodec.java:49)
	at org.openqa.selenium.remote.HttpCommandExecutor.execute(HttpCommandExecutor.java:158)
	at org.openqa.selenium.remote.service.DriverCommandExecutor.execute(DriverCommandExecutor.java:83)
	at org.openqa.selenium.remote.RemoteWebDriver.execute(RemoteWebDriver.java:552)
	at org.openqa.selenium.remote.RemoteWebDriver.findElement(RemoteWebDriver.java:323)
	at org.openqa.selenium.remote.RemoteWebDriver.findElementByXPath(RemoteWebDriver.java:428)
	at org.openqa.selenium.By$ByXPath.findElement(By.java:353)
	at org.openqa.selenium.remote.RemoteWebDriver.findElement(RemoteWebDriver.java:315)
	at com.vsm.VSMCancellation.vsmCanelation(VSMCancellation.java:139)
	at jdk.internal.reflect.GeneratedMethodAccessor1.invoke(Unknown Source)
	at java.base/jdk.internal.reflect.DelegatingMethodAccessorImpl.invoke(DelegatingMethodAccessorImpl.java:43)
	at java.base/java.lang.reflect.Method.invoke(Method.java:567)
	at org.testng.internal.MethodInvocationHelper.invokeMethod(MethodInvocationHelper.java:132)
	at org.testng.internal.TestInvoker.invokeMethod(TestInvoker.java:599)
	at org.testng.internal.TestInvoker.invokeTestMethod(TestInvoker.java:174)
	at org.testng.internal.TestMethodWithDataProviderMethodWorker.call(TestMethodWithDataProviderMethodWorker.java:77)
	at org.testng.internal.TestMethodWithDataProviderMethodWorker.call(TestMethodWithDataProviderMethodWorker.java:15)
	at java.base/java.util.concurrent.FutureTask.run(FutureTask.java:264)
	at java.base/java.util.concurrent.Executors$RunnableAdapter.call(Executors.java:515)
	at java.base/java.util.concurrent.FutureTask.run(FutureTask.java:264)
	at java.base/java.util.concurrent.ThreadPoolExecutor.runWorker(ThreadPoolExecutor.java:1128)
	at java.base/java.util.concurrent.ThreadPoolExecutor$Worker.run(ThreadPoolExecutor.java:628)
	at java.base/java.lang.Thread.run(Thread.java:830)
</pre></div></td>
<td>49</td>
<td>com.vsm.VSMCancellation@31c88ec8</td></tr>
<tr>
<td title='com.vsm.VSMCancellation.vsmCanelation()'><b>vsmCanelation</b><br>Test class: com.vsm.VSMCancellation<br>Parameters: Test@gmail.com</td>
<td><div><pre>org.openqa.selenium.NoSuchElementException: no such element: Unable to locate element: {&quot;method&quot;:&quot;xpath&quot;,&quot;selector&quot;:&quot;//span[@style=&apos;color:green;font-size:20px;&apos;]&quot;}
  (Session info: headless chrome=100.0.4896.88)
For documentation on this error, please visit: https://www.seleniumhq.org/exceptions/no_such_element.html
Build info: version: &apos;3.141.59&apos;, revision: &apos;e82be7d358&apos;, time: &apos;2018-11-14T08:17:03&apos;
System info: host: &apos;DESKTOP-A71PO2S&apos;, ip: &apos;10.0.0.4&apos;, os.name: &apos;Windows 10&apos;, os.arch: &apos;amd64&apos;, os.version: &apos;10.0&apos;, java.version: &apos;13.0.1&apos;
Driver info: org.openqa.selenium.chrome.ChromeDriver
Capabilities {acceptInsecureCerts: false, browserName: chrome, browserVersion: 100.0.4896.88, chrome: {chromedriverVersion: 100.0.4896.60 (6a5d10861ce8..., userDataDir: C:\Users\Lenskart\AppData\L...}, goog:chromeOptions: {debuggerAddress: localhost:51455}, javascriptEnabled: true, networkConnectionEnabled: false, pageLoadStrategy: normal, platform: WINDOWS, platformName: WINDOWS, proxy: Proxy(), setWindowRect: true, strictFileInteractability: false, timeouts: {implicit: 0, pageLoad: 300000, script: 30000}, unhandledPromptBehavior: dismiss and notify, webauthn:extension:credBlob: true, webauthn:extension:largeBlob: true, webauthn:virtualAuthenticators: true}
Session ID: df22abb42f23efb52e7e6dd1ee394f14
*** Element info: {Using=xpath, value=//span[@style=&apos;color:green;font-size:20px;&apos;]}
	at org.openqa.selenium.remote.http.W3CHttpResponseCodec.createException(W3CHttpResponseCodec.java:187)
	at org.openqa.selenium.remote.http.W3CHttpResponseCodec.decode(W3CHttpResponseCodec.java:122)
	at org.openqa.selenium.remote.http.W3CHttpResponseCodec.decode(W3CHttpResponseCodec.java:49)
	at org.openqa.selenium.remote.HttpCommandExecutor.execute(HttpCommandExecutor.java:158)
	at org.openqa.selenium.remote.service.DriverCommandExecutor.execute(DriverCommandExecutor.java:83)
	at org.openqa.selenium.remote.RemoteWebDriver.execute(RemoteWebDriver.java:552)
	at org.openqa.selenium.remote.RemoteWebDriver.findElement(RemoteWebDriver.java:323)
	at org.openqa.selenium.remote.RemoteWebDriver.findElementByXPath(RemoteWebDriver.java:428)
	at org.openqa.selenium.By$ByXPath.findElement(By.java:353)
	at org.openqa.selenium.remote.RemoteWebDriver.findElement(RemoteWebDriver.java:315)
	at com.vsm.VSMCancellation.vsmCanelation(VSMCancellation.java:139)
	at java.base/java.util.concurrent.FutureTask.run(FutureTask.java:264)
	at java.base/java.util.concurrent.Executors$RunnableAdapter.call(Executors.java:515)
	at java.base/java.util.concurrent.FutureTask.run(FutureTask.java:264)
	at java.base/java.util.concurrent.ThreadPoolExecutor.runWorker(ThreadPoolExecutor.java:1128)
	at java.base/java.util.concurrent.ThreadPoolExecutor$Worker.run(ThreadPoolExecutor.java:628)
	at java.base/java.lang.Thread.run(Thread.java:830)
... Removed 12 stack frames</pre></div><a href='#' onClick='toggleBox("stack-trace543716067", this, "Click to show all stack frames", "Click to hide stack frames")'>Click to show all stack frames</a>
<div class='stack-trace' id='stack-trace543716067'><pre>org.openqa.selenium.NoSuchElementException: no such element: Unable to locate element: {&quot;method&quot;:&quot;xpath&quot;,&quot;selector&quot;:&quot;//span[@style=&apos;color:green;font-size:20px;&apos;]&quot;}
  (Session info: headless chrome=100.0.4896.88)
For documentation on this error, please visit: https://www.seleniumhq.org/exceptions/no_such_element.html
Build info: version: &apos;3.141.59&apos;, revision: &apos;e82be7d358&apos;, time: &apos;2018-11-14T08:17:03&apos;
System info: host: &apos;DESKTOP-A71PO2S&apos;, ip: &apos;10.0.0.4&apos;, os.name: &apos;Windows 10&apos;, os.arch: &apos;amd64&apos;, os.version: &apos;10.0&apos;, java.version: &apos;13.0.1&apos;
Driver info: org.openqa.selenium.chrome.ChromeDriver
Capabilities {acceptInsecureCerts: false, browserName: chrome, browserVersion: 100.0.4896.88, chrome: {chromedriverVersion: 100.0.4896.60 (6a5d10861ce8..., userDataDir: C:\Users\Lenskart\AppData\L...}, goog:chromeOptions: {debuggerAddress: localhost:51455}, javascriptEnabled: true, networkConnectionEnabled: false, pageLoadStrategy: normal, platform: WINDOWS, platformName: WINDOWS, proxy: Proxy(), setWindowRect: true, strictFileInteractability: false, timeouts: {implicit: 0, pageLoad: 300000, script: 30000}, unhandledPromptBehavior: dismiss and notify, webauthn:extension:credBlob: true, webauthn:extension:largeBlob: true, webauthn:virtualAuthenticators: true}
Session ID: df22abb42f23efb52e7e6dd1ee394f14
*** Element info: {Using=xpath, value=//span[@style=&apos;color:green;font-size:20px;&apos;]}
	at jdk.internal.reflect.GeneratedConstructorAccessor22.newInstance(Unknown Source)
	at java.base/jdk.internal.reflect.DelegatingConstructorAccessorImpl.newInstance(DelegatingConstructorAccessorImpl.java:45)
	at java.base/java.lang.reflect.Constructor.newInstanceWithCaller(Constructor.java:500)
	at java.base/java.lang.reflect.Constructor.newInstance(Constructor.java:481)
	at org.openqa.selenium.remote.http.W3CHttpResponseCodec.createException(W3CHttpResponseCodec.java:187)
	at org.openqa.selenium.remote.http.W3CHttpResponseCodec.decode(W3CHttpResponseCodec.java:122)
	at org.openqa.selenium.remote.http.W3CHttpResponseCodec.decode(W3CHttpResponseCodec.java:49)
	at org.openqa.selenium.remote.HttpCommandExecutor.execute(HttpCommandExecutor.java:158)
	at org.openqa.selenium.remote.service.DriverCommandExecutor.execute(DriverCommandExecutor.java:83)
	at org.openqa.selenium.remote.RemoteWebDriver.execute(RemoteWebDriver.java:552)
	at org.openqa.selenium.remote.RemoteWebDriver.findElement(RemoteWebDriver.java:323)
	at org.openqa.selenium.remote.RemoteWebDriver.findElementByXPath(RemoteWebDriver.java:428)
	at org.openqa.selenium.By$ByXPath.findElement(By.java:353)
	at org.openqa.selenium.remote.RemoteWebDriver.findElement(RemoteWebDriver.java:315)
	at com.vsm.VSMCancellation.vsmCanelation(VSMCancellation.java:139)
	at jdk.internal.reflect.GeneratedMethodAccessor1.invoke(Unknown Source)
	at java.base/jdk.internal.reflect.DelegatingMethodAccessorImpl.invoke(DelegatingMethodAccessorImpl.java:43)
	at java.base/java.lang.reflect.Method.invoke(Method.java:567)
	at org.testng.internal.MethodInvocationHelper.invokeMethod(MethodInvocationHelper.java:132)
	at org.testng.internal.TestInvoker.invokeMethod(TestInvoker.java:599)
	at org.testng.internal.TestInvoker.invokeTestMethod(TestInvoker.java:174)
	at org.testng.internal.TestMethodWithDataProviderMethodWorker.call(TestMethodWithDataProviderMethodWorker.java:77)
	at org.testng.internal.TestMethodWithDataProviderMethodWorker.call(TestMethodWithDataProviderMethodWorker.java:15)
	at java.base/java.util.concurrent.FutureTask.run(FutureTask.java:264)
	at java.base/java.util.concurrent.Executors$RunnableAdapter.call(Executors.java:515)
	at java.base/java.util.concurrent.FutureTask.run(FutureTask.java:264)
	at java.base/java.util.concurrent.ThreadPoolExecutor.runWorker(ThreadPoolExecutor.java:1128)
	at java.base/java.util.concurrent.ThreadPoolExecutor$Worker.run(ThreadPoolExecutor.java:628)
	at java.base/java.lang.Thread.run(Thread.java:830)
</pre></div></td>
<td>59</td>
<td>com.vsm.VSMCancellation@31c88ec8</td></tr>
<tr>
<td title='com.vsm.VSMCancellation.vsmCanelation()'><b>vsmCanelation</b><br>Test class: com.vsm.VSMCancellation<br>Parameters: Test123@gmail.com</td>
<td><div><pre>org.openqa.selenium.NoSuchElementException: no such element: Unable to locate element: {&quot;method&quot;:&quot;xpath&quot;,&quot;selector&quot;:&quot;//span[@style=&apos;color:green;font-size:20px;&apos;]&quot;}
  (Session info: headless chrome=100.0.4896.88)
For documentation on this error, please visit: https://www.seleniumhq.org/exceptions/no_such_element.html
Build info: version: &apos;3.141.59&apos;, revision: &apos;e82be7d358&apos;, time: &apos;2018-11-14T08:17:03&apos;
System info: host: &apos;DESKTOP-A71PO2S&apos;, ip: &apos;10.0.0.4&apos;, os.name: &apos;Windows 10&apos;, os.arch: &apos;amd64&apos;, os.version: &apos;10.0&apos;, java.version: &apos;13.0.1&apos;
Driver info: org.openqa.selenium.chrome.ChromeDriver
Capabilities {acceptInsecureCerts: false, browserName: chrome, browserVersion: 100.0.4896.88, chrome: {chromedriverVersion: 100.0.4896.60 (6a5d10861ce8..., userDataDir: C:\Users\Lenskart\AppData\L...}, goog:chromeOptions: {debuggerAddress: localhost:53780}, javascriptEnabled: true, networkConnectionEnabled: false, pageLoadStrategy: normal, platform: WINDOWS, platformName: WINDOWS, proxy: Proxy(), setWindowRect: true, strictFileInteractability: false, timeouts: {implicit: 0, pageLoad: 300000, script: 30000}, unhandledPromptBehavior: dismiss and notify, webauthn:extension:credBlob: true, webauthn:extension:largeBlob: true, webauthn:virtualAuthenticators: true}
Session ID: 706da42d415fd2f5007ceb70983083c5
*** Element info: {Using=xpath, value=//span[@style=&apos;color:green;font-size:20px;&apos;]}
	at org.openqa.selenium.remote.http.W3CHttpResponseCodec.createException(W3CHttpResponseCodec.java:187)
	at org.openqa.selenium.remote.http.W3CHttpResponseCodec.decode(W3CHttpResponseCodec.java:122)
	at org.openqa.selenium.remote.http.W3CHttpResponseCodec.decode(W3CHttpResponseCodec.java:49)
	at org.openqa.selenium.remote.HttpCommandExecutor.execute(HttpCommandExecutor.java:158)
	at org.openqa.selenium.remote.service.DriverCommandExecutor.execute(DriverCommandExecutor.java:83)
	at org.openqa.selenium.remote.RemoteWebDriver.execute(RemoteWebDriver.java:552)
	at org.openqa.selenium.remote.RemoteWebDriver.findElement(RemoteWebDriver.java:323)
	at org.openqa.selenium.remote.RemoteWebDriver.findElementByXPath(RemoteWebDriver.java:428)
	at org.openqa.selenium.By$ByXPath.findElement(By.java:353)
	at org.openqa.selenium.remote.RemoteWebDriver.findElement(RemoteWebDriver.java:315)
	at com.vsm.VSMCancellation.vsmCanelation(VSMCancellation.java:139)
	at java.base/java.util.concurrent.FutureTask.run(FutureTask.java:264)
	at java.base/java.util.concurrent.Executors$RunnableAdapter.call(Executors.java:515)
	at java.base/java.util.concurrent.FutureTask.run(FutureTask.java:264)
	at java.base/java.util.concurrent.ThreadPoolExecutor.runWorker(ThreadPoolExecutor.java:1128)
	at java.base/java.util.concurrent.ThreadPoolExecutor$Worker.run(ThreadPoolExecutor.java:628)
	at java.base/java.lang.Thread.run(Thread.java:830)
... Removed 12 stack frames</pre></div><a href='#' onClick='toggleBox("stack-trace1604843812", this, "Click to show all stack frames", "Click to hide stack frames")'>Click to show all stack frames</a>
<div class='stack-trace' id='stack-trace1604843812'><pre>org.openqa.selenium.NoSuchElementException: no such element: Unable to locate element: {&quot;method&quot;:&quot;xpath&quot;,&quot;selector&quot;:&quot;//span[@style=&apos;color:green;font-size:20px;&apos;]&quot;}
  (Session info: headless chrome=100.0.4896.88)
For documentation on this error, please visit: https://www.seleniumhq.org/exceptions/no_such_element.html
Build info: version: &apos;3.141.59&apos;, revision: &apos;e82be7d358&apos;, time: &apos;2018-11-14T08:17:03&apos;
System info: host: &apos;DESKTOP-A71PO2S&apos;, ip: &apos;10.0.0.4&apos;, os.name: &apos;Windows 10&apos;, os.arch: &apos;amd64&apos;, os.version: &apos;10.0&apos;, java.version: &apos;13.0.1&apos;
Driver info: org.openqa.selenium.chrome.ChromeDriver
Capabilities {acceptInsecureCerts: false, browserName: chrome, browserVersion: 100.0.4896.88, chrome: {chromedriverVersion: 100.0.4896.60 (6a5d10861ce8..., userDataDir: C:\Users\Lenskart\AppData\L...}, goog:chromeOptions: {debuggerAddress: localhost:53780}, javascriptEnabled: true, networkConnectionEnabled: false, pageLoadStrategy: normal, platform: WINDOWS, platformName: WINDOWS, proxy: Proxy(), setWindowRect: true, strictFileInteractability: false, timeouts: {implicit: 0, pageLoad: 300000, script: 30000}, unhandledPromptBehavior: dismiss and notify, webauthn:extension:credBlob: true, webauthn:extension:largeBlob: true, webauthn:virtualAuthenticators: true}
Session ID: 706da42d415fd2f5007ceb70983083c5
*** Element info: {Using=xpath, value=//span[@style=&apos;color:green;font-size:20px;&apos;]}
	at jdk.internal.reflect.GeneratedConstructorAccessor22.newInstance(Unknown Source)
	at java.base/jdk.internal.reflect.DelegatingConstructorAccessorImpl.newInstance(DelegatingConstructorAccessorImpl.java:45)
	at java.base/java.lang.reflect.Constructor.newInstanceWithCaller(Constructor.java:500)
	at java.base/java.lang.reflect.Constructor.newInstance(Constructor.java:481)
	at org.openqa.selenium.remote.http.W3CHttpResponseCodec.createException(W3CHttpResponseCodec.java:187)
	at org.openqa.selenium.remote.http.W3CHttpResponseCodec.decode(W3CHttpResponseCodec.java:122)
	at org.openqa.selenium.remote.http.W3CHttpResponseCodec.decode(W3CHttpResponseCodec.java:49)
	at org.openqa.selenium.remote.HttpCommandExecutor.execute(HttpCommandExecutor.java:158)
	at org.openqa.selenium.remote.service.DriverCommandExecutor.execute(DriverCommandExecutor.java:83)
	at org.openqa.selenium.remote.RemoteWebDriver.execute(RemoteWebDriver.java:552)
	at org.openqa.selenium.remote.RemoteWebDriver.findElement(RemoteWebDriver.java:323)
	at org.openqa.selenium.remote.RemoteWebDriver.findElementByXPath(RemoteWebDriver.java:428)
	at org.openqa.selenium.By$ByXPath.findElement(By.java:353)
	at org.openqa.selenium.remote.RemoteWebDriver.findElement(RemoteWebDriver.java:315)
	at com.vsm.VSMCancellation.vsmCanelation(VSMCancellation.java:139)
	at jdk.internal.reflect.GeneratedMethodAccessor1.invoke(Unknown Source)
	at java.base/jdk.internal.reflect.DelegatingMethodAccessorImpl.invoke(DelegatingMethodAccessorImpl.java:43)
	at java.base/java.lang.reflect.Method.invoke(Method.java:567)
	at org.testng.internal.MethodInvocationHelper.invokeMethod(MethodInvocationHelper.java:132)
	at org.testng.internal.TestInvoker.invokeMethod(TestInvoker.java:599)
	at org.testng.internal.TestInvoker.invokeTestMethod(TestInvoker.java:174)
	at org.testng.internal.TestMethodWithDataProviderMethodWorker.call(TestMethodWithDataProviderMethodWorker.java:77)
	at org.testng.internal.TestMethodWithDataProviderMethodWorker.call(TestMethodWithDataProviderMethodWorker.java:15)
	at java.base/java.util.concurrent.FutureTask.run(FutureTask.java:264)
	at java.base/java.util.concurrent.Executors$RunnableAdapter.call(Executors.java:515)
	at java.base/java.util.concurrent.FutureTask.run(FutureTask.java:264)
	at java.base/java.util.concurrent.ThreadPoolExecutor.runWorker(ThreadPoolExecutor.java:1128)
	at java.base/java.util.concurrent.ThreadPoolExecutor$Worker.run(ThreadPoolExecutor.java:628)
	at java.base/java.lang.Thread.run(Thread.java:830)
</pre></div></td>
<td>17</td>
<td>com.vsm.VSMCancellation@31c88ec8</td></tr>
</table><p>
<table width='100%' border='1' class='invocation-passed'>
<tr><td colspan='4' align='center'><b>PASSED TESTS</b></td></tr>
<tr><td><b>Test method</b></td>
<td width="30%"><b>Exception</b></td>
<td width="10%"><b>Time (seconds)</b></td>
<td><b>Instance</b></td>
</tr>
<tr>
<td title='com.vsm.VSMCancellation.vsmCanelation()'><b>vsmCanelation</b><br>Test class: com.vsm.VSMCancellation<br>Parameters: 9967378964</td>
<td></td>
<td>91</td>
<td>com.vsm.VSMCancellation@31c88ec8</td></tr>
<tr>
<td title='com.vsm.VSMCancellation.vsmCanelation()'><b>vsmCanelation</b><br>Test class: com.vsm.VSMCancellation<br>Parameters: 9702964618</td>
<td></td>
<td>46</td>
<td>com.vsm.VSMCancellation@31c88ec8</td></tr>
<tr>
<td title='com.vsm.VSMCancellation.vsmCanelation()'><b>vsmCanelation</b><br>Test class: com.vsm.VSMCancellation<br>Parameters: 9950912799</td>
<td></td>
<td>22</td>
<td>com.vsm.VSMCancellation@31c88ec8</td></tr>
<tr>
<td title='com.vsm.VSMCancellation.vsmCanelation()'><b>vsmCanelation</b><br>Test class: com.vsm.VSMCancellation<br>Parameters: 9241190890</td>
<td></td>
<td>20</td>
<td>com.vsm.VSMCancellation@31c88ec8</td></tr>
<tr>
<td title='com.vsm.VSMCancellation.vsmCanelation()'><b>vsmCanelation</b><br>Test class: com.vsm.VSMCancellation<br>Parameters: 5000000000</td>
<td></td>
<td>363</td>
<td>com.vsm.VSMCancellation@31c88ec8</td></tr>
<tr>
<td title='com.vsm.VSMCancellation.vsmCanelation()'><b>vsmCanelation</b><br>Test class: com.vsm.VSMCancellation<br>Parameters: 2000000000</td>
<td></td>
<td>156</td>
<td>com.vsm.VSMCancellation@31c88ec8</td></tr>
<tr>
<td title='com.vsm.VSMCancellation.vsmCanelation()'><b>vsmCanelation</b><br>Test class: com.vsm.VSMCancellation<br>Parameters: 1122334455</td>
<td></td>
<td>15</td>
<td>com.vsm.VSMCancellation@31c88ec8</td></tr>
<tr>
<td title='com.vsm.VSMCancellation.vsmCanelation()'><b>vsmCanelation</b><br>Test class: com.vsm.VSMCancellation<br>Parameters: 3000000000</td>
<td></td>
<td>302</td>
<td>com.vsm.VSMCancellation@31c88ec8</td></tr>
<tr>
<td title='com.vsm.VSMCancellation.vsmCanelation()'><b>vsmCanelation</b><br>Test class: com.vsm.VSMCancellation<br>Parameters: 8095062625</td>
<td></td>
<td>19</td>
<td>com.vsm.VSMCancellation@31c88ec8</td></tr>
<tr>
<td title='com.vsm.VSMCancellation.vsmCanelation()'><b>vsmCanelation</b><br>Test class: com.vsm.VSMCancellation<br>Parameters: 2123000000</td>
<td></td>
<td>46</td>
<td>com.vsm.VSMCancellation@31c88ec8</td></tr>
<tr>
<td title='com.vsm.VSMCancellation.vsmCanelation()'><b>vsmCanelation</b><br>Test class: com.vsm.VSMCancellation<br>Parameters: 1000000000</td>
<td></td>
<td>473</td>
<td>com.vsm.VSMCancellation@31c88ec8</td></tr>
<tr>
<td title='com.vsm.VSMCancellation.vsmCanelation()'><b>vsmCanelation</b><br>Test class: com.vsm.VSMCancellation<br>Parameters: 2123000002</td>
<td></td>
<td>119</td>
<td>com.vsm.VSMCancellation@31c88ec8</td></tr>
<tr>
<td title='com.vsm.VSMCancellation.vsmCanelation()'><b>vsmCanelation</b><br>Test class: com.vsm.VSMCancellation<br>Parameters: 8950479752</td>
<td></td>
<td>65</td>
<td>com.vsm.VSMCancellation@31c88ec8</td></tr>
<tr>
<td title='com.vsm.VSMCancellation.vsmCanelation()'><b>vsmCanelation</b><br>Test class: com.vsm.VSMCancellation<br>Parameters: 2123000003</td>
<td></td>
<td>18</td>
<td>com.vsm.VSMCancellation@31c88ec8</td></tr>
<tr>
<td title='com.vsm.VSMCancellation.vsmCanelation()'><b>vsmCanelation</b><br>Test class: com.vsm.VSMCancellation<br>Parameters: 7795250297</td>
<td></td>
<td>40</td>
<td>com.vsm.VSMCancellation@31c88ec8</td></tr>
<tr>
<td title='com.vsm.VSMCancellation.vsmCanelation()'><b>vsmCanelation</b><br>Test class: com.vsm.VSMCancellation<br>Parameters: 8884103702</td>
<td></td>
<td>30</td>
<td>com.vsm.VSMCancellation@31c88ec8</td></tr>
<tr>
<td title='com.vsm.VSMCancellation.vsmCanelation()'><b>vsmCanelation</b><br>Test class: com.vsm.VSMCancellation<br>Parameters: 6361405446</td>
<td></td>
<td>22</td>
<td>com.vsm.VSMCancellation@31c88ec8</td></tr>
<tr>
<td title='com.vsm.VSMCancellation.vsmCanelation()'><b>vsmCanelation</b><br>Test class: com.vsm.VSMCancellation<br>Parameters: 2123000001</td>
<td></td>
<td>583</td>
<td>com.vsm.VSMCancellation@31c88ec8</td></tr>
<tr>
<td title='com.vsm.VSMCancellation.vsmCanelation()'><b>vsmCanelation</b><br>Test class: com.vsm.VSMCancellation<br>Parameters: 9980494100</td>
<td></td>
<td>47</td>
<td>com.vsm.VSMCancellation@31c88ec8</td></tr>
<tr>
<td title='com.vsm.VSMCancellation.vsmCanelation()'><b>vsmCanelation</b><br>Test class: com.vsm.VSMCancellation<br>Parameters: 7019674008</td>
<td></td>
<td>21</td>
<td>com.vsm.VSMCancellation@31c88ec8</td></tr>
<tr>
<td title='com.vsm.VSMCancellation.vsmCanelation()'><b>vsmCanelation</b><br>Test class: com.vsm.VSMCancellation<br>Parameters: 9611825446</td>
<td></td>
<td>82</td>
<td>com.vsm.VSMCancellation@31c88ec8</td></tr>
<tr>
<td title='com.vsm.VSMCancellation.vsmCanelation()'><b>vsmCanelation</b><br>Test class: com.vsm.VSMCancellation<br>Parameters: 9994867661</td>
<td></td>
<td>19</td>
<td>com.vsm.VSMCancellation@31c88ec8</td></tr>
<tr>
<td title='com.vsm.VSMCancellation.vsmCanelation()'><b>vsmCanelation</b><br>Test class: com.vsm.VSMCancellation<br>Parameters: tejaswinicc41@gmail.com</td>
<td></td>
<td>15</td>
<td>com.vsm.VSMCancellation@31c88ec8</td></tr>
<tr>
<td title='com.vsm.VSMCancellation.vsmCanelation()'><b>vsmCanelation</b><br>Test class: com.vsm.VSMCancellation<br>Parameters: tejaswinicc24@gmail.com</td>
<td></td>
<td>12</td>
<td>com.vsm.VSMCancellation@31c88ec8</td></tr>
<tr>
<td title='com.vsm.VSMCancellation.vsmCanelation()'><b>vsmCanelation</b><br>Test class: com.vsm.VSMCancellation<br>Parameters: manoj.lonar@lenskart.in</td>
<td></td>
<td>11</td>
<td>com.vsm.VSMCancellation@31c88ec8</td></tr>
<tr>
<td title='com.vsm.VSMCancellation.vsmCanelation()'><b>vsmCanelation</b><br>Test class: com.vsm.VSMCancellation<br>Parameters: nehalchowdekar@gmail.com</td>
<td></td>
<td>29</td>
<td>com.vsm.VSMCancellation@31c88ec8</td></tr>
<tr>
<td title='com.vsm.VSMCancellation.vsmCanelation()'><b>vsmCanelation</b><br>Test class: com.vsm.VSMCancellation<br>Parameters: lenskart.test3110@gmail.com</td>
<td></td>
<td>16</td>
<td>com.vsm.VSMCancellation@31c88ec8</td></tr>
<tr>
<td title='com.vsm.VSMCancellation.vsmCanelation()'><b>vsmCanelation</b><br>Test class: com.vsm.VSMCancellation<br>Parameters: lenskart.test933@gmail.com</td>
<td></td>
<td>30</td>
<td>com.vsm.VSMCancellation@31c88ec8</td></tr>
<tr>
<td title='com.vsm.VSMCancellation.vsmCanelation()'><b>vsmCanelation</b><br>Test class: com.vsm.VSMCancellation<br>Parameters: testing_test_test@gmail.com</td>
<td></td>
<td>109</td>
<td>com.vsm.VSMCancellation@31c88ec8</td></tr>
<tr>
<td title='com.vsm.VSMCancellation.vsmCanelation()'><b>vsmCanelation</b><br>Test class: com.vsm.VSMCancellation<br>Parameters: lenskart.testsu@gmail.com</td>
<td></td>
<td>21</td>
<td>com.vsm.VSMCancellation@31c88ec8</td></tr>
<tr>
<td title='com.vsm.VSMCancellation.vsmCanelation()'><b>vsmCanelation</b><br>Test class: com.vsm.VSMCancellation<br>Parameters: lenskart.test16@gmail.com</td>
<td></td>
<td>32</td>
<td>com.vsm.VSMCancellation@31c88ec8</td></tr>
<tr>
<td title='com.vsm.VSMCancellation.vsmCanelation()'><b>vsmCanelation</b><br>Test class: com.vsm.VSMCancellation<br>Parameters: lenskart.test52@gmail.com</td>
<td></td>
<td>89</td>
<td>com.vsm.VSMCancellation@31c88ec8</td></tr>
<tr>
<td title='com.vsm.VSMCancellation.vsmCanelation()'><b>vsmCanelation</b><br>Test class: com.vsm.VSMCancellation<br>Parameters: lenskart.test55@gmail.com</td>
<td></td>
<td>13</td>
<td>com.vsm.VSMCancellation@31c88ec8</td></tr>
<tr>
<td title='com.vsm.VSMCancellation.vsmCanelation()'><b>vsmCanelation</b><br>Test class: com.vsm.VSMCancellation<br>Parameters: lenskart.test14@gmail.com</td>
<td></td>
<td>15</td>
<td>com.vsm.VSMCancellation@31c88ec8</td></tr>
<tr>
<td title='com.vsm.VSMCancellation.vsmCanelation()'><b>vsmCanelation</b><br>Test class: com.vsm.VSMCancellation<br>Parameters: lenskart.test65@gmail.com</td>
<td></td>
<td>25</td>
<td>com.vsm.VSMCancellation@31c88ec8</td></tr>
<tr>
<td title='com.vsm.VSMCancellation.vsmCanelation()'><b>vsmCanelation</b><br>Test class: com.vsm.VSMCancellation<br>Parameters: lenskart.test899@gmail.com</td>
<td></td>
<td>28</td>
<td>com.vsm.VSMCancellation@31c88ec8</td></tr>
<tr>
<td title='com.vsm.VSMCancellation.vsmCanelation()'><b>vsmCanelation</b><br>Test class: com.vsm.VSMCancellation<br>Parameters: lenskart.test16@gmail.com</td>
<td></td>
<td>35</td>
<td>com.vsm.VSMCancellation@31c88ec8</td></tr>
<tr>
<td title='com.vsm.VSMCancellation.vsmCanelation()'><b>vsmCanelation</b><br>Test class: com.vsm.VSMCancellation<br>Parameters: lenskart.test401@gmail.com</td>
<td></td>
<td>13</td>
<td>com.vsm.VSMCancellation@31c88ec8</td></tr>
<tr>
<td title='com.vsm.VSMCancellation.vsmCanelation()'><b>vsmCanelation</b><br>Test class: com.vsm.VSMCancellation<br>Parameters: lenskart.test402@gmail.com</td>
<td></td>
<td>13</td>
<td>com.vsm.VSMCancellation@31c88ec8</td></tr>
<tr>
<td title='com.vsm.VSMCancellation.vsmCanelation()'><b>vsmCanelation</b><br>Test class: com.vsm.VSMCancellation<br>Parameters: lenskart.test501@gmail.com</td>
<td></td>
<td>12</td>
<td>com.vsm.VSMCancellation@31c88ec8</td></tr>
<tr>
<td title='com.vsm.VSMCancellation.vsmCanelation()'><b>vsmCanelation</b><br>Test class: com.vsm.VSMCancellation<br>Parameters: lenskart.test403@gmail.com</td>
<td></td>
<td>15</td>
<td>com.vsm.VSMCancellation@31c88ec8</td></tr>
<tr>
<td title='com.vsm.VSMCancellation.vsmCanelation()'><b>vsmCanelation</b><br>Test class: com.vsm.VSMCancellation<br>Parameters: lenskart.test502@gmail.com</td>
<td></td>
<td>12</td>
<td>com.vsm.VSMCancellation@31c88ec8</td></tr>
<tr>
<td title='com.vsm.VSMCancellation.vsmCanelation()'><b>vsmCanelation</b><br>Test class: com.vsm.VSMCancellation<br>Parameters: lenskart.test503@gmail.com</td>
<td></td>
<td>11</td>
<td>com.vsm.VSMCancellation@31c88ec8</td></tr>
<tr>
<td title='com.vsm.VSMCancellation.vsmCanelation()'><b>vsmCanelation</b><br>Test class: com.vsm.VSMCancellation<br>Parameters: ashit.sachan@lenskart.in</td>
<td></td>
<td>11</td>
<td>com.vsm.VSMCancellation@31c88ec8</td></tr>
<tr>
<td title='com.vsm.VSMCancellation.vsmCanelation()'><b>vsmCanelation</b><br>Test class: com.vsm.VSMCancellation<br>Parameters: lenskart.test504@gmail.com</td>
<td></td>
<td>15</td>
<td>com.vsm.VSMCancellation@31c88ec8</td></tr>
<tr>
<td title='com.vsm.VSMCancellation.vsmCanelation()'><b>vsmCanelation</b><br>Test class: com.vsm.VSMCancellation<br>Parameters: Testlenskart01@gmail.com</td>
<td></td>
<td>12</td>
<td>com.vsm.VSMCancellation@31c88ec8</td></tr>
<tr>
<td title='com.vsm.VSMCancellation.vsmCanelation()'><b>vsmCanelation</b><br>Test class: com.vsm.VSMCancellation<br>Parameters: Testlenskart02@gmail.com</td>
<td></td>
<td>12</td>
<td>com.vsm.VSMCancellation@31c88ec8</td></tr>
<tr>
<td title='com.vsm.VSMCancellation.vsmCanelation()'><b>vsmCanelation</b><br>Test class: com.vsm.VSMCancellation<br>Parameters: Testlenskart03@gmail.com</td>
<td></td>
<td>12</td>
<td>com.vsm.VSMCancellation@31c88ec8</td></tr>
<tr>
<td title='com.vsm.VSMCancellation.vsmCanelation()'><b>vsmCanelation</b><br>Test class: com.vsm.VSMCancellation<br>Parameters: lenskart.test1602@gmail.com</td>
<td></td>
<td>12</td>
<td>com.vsm.VSMCancellation@31c88ec8</td></tr>
<tr>
<td title='com.vsm.VSMCancellation.vsmCanelation()'><b>vsmCanelation</b><br>Test class: com.vsm.VSMCancellation<br>Parameters: lenskart.test1902@gmail.com</td>
<td></td>
<td>13</td>
<td>com.vsm.VSMCancellation@31c88ec8</td></tr>
<tr>
<td title='com.vsm.VSMCancellation.vsmCanelation()'><b>vsmCanelation</b><br>Test class: com.vsm.VSMCancellation<br>Parameters: lenskart.test151@gmail.com</td>
<td></td>
<td>17</td>
<td>com.vsm.VSMCancellation@31c88ec8</td></tr>
<tr>
<td title='com.vsm.VSMCancellation.vsmCanelation()'><b>vsmCanelation</b><br>Test class: com.vsm.VSMCancellation<br>Parameters: lenskart.test152@gmail.com</td>
<td></td>
<td>12</td>
<td>com.vsm.VSMCancellation@31c88ec8</td></tr>
<tr>
<td title='com.vsm.VSMCancellation.vsmCanelation()'><b>vsmCanelation</b><br>Test class: com.vsm.VSMCancellation<br>Parameters: lenskart.test65@gmail.com</td>
<td></td>
<td>23</td>
<td>com.vsm.VSMCancellation@31c88ec8</td></tr>
<tr>
<td title='com.vsm.VSMCancellation.vsmCanelation()'><b>vsmCanelation</b><br>Test class: com.vsm.VSMCancellation<br>Parameters: test_webB2b@lenskart.in</td>
<td></td>
<td>12</td>
<td>com.vsm.VSMCancellation@31c88ec8</td></tr>
<tr>
<td title='com.vsm.VSMCancellation.vsmCanelation()'><b>vsmCanelation</b><br>Test class: com.vsm.VSMCancellation<br>Parameters: lokesh_webB2b@lenskart.in</td>
<td></td>
<td>13</td>
<td>com.vsm.VSMCancellation@31c88ec8</td></tr>
<tr>
<td title='com.vsm.VSMCancellation.vsmCanelation()'><b>vsmCanelation</b><br>Test class: com.vsm.VSMCancellation<br>Parameters: asmaa@valyoo.in</td>
<td></td>
<td>13</td>
<td>com.vsm.VSMCancellation@31c88ec8</td></tr>
<tr>
<td title='com.vsm.VSMCancellation.vsmCanelation()'><b>vsmCanelation</b><br>Test class: com.vsm.VSMCancellation<br>Parameters: testqa2805@gmail.com</td>
<td></td>
<td>12</td>
<td>com.vsm.VSMCancellation@31c88ec8</td></tr>
<tr>
<td title='com.vsm.VSMCancellation.vsmCanelation()'><b>vsmCanelation</b><br>Test class: com.vsm.VSMCancellation<br>Parameters: lenskart.test10999@gmail.com</td>
<td></td>
<td>11</td>
<td>com.vsm.VSMCancellation@31c88ec8</td></tr>
<tr>
<td title='com.vsm.VSMCancellation.vsmCanelation()'><b>vsmCanelation</b><br>Test class: com.vsm.VSMCancellation<br>Parameters: lenskart.test64@gmail.com</td>
<td></td>
<td>11</td>
<td>com.vsm.VSMCancellation@31c88ec8</td></tr>
<tr>
<td title='com.vsm.VSMCancellation.vsmCanelation()'><b>vsmCanelation</b><br>Test class: com.vsm.VSMCancellation<br>Parameters: lenskart.test28@gmail.com</td>
<td></td>
<td>14</td>
<td>com.vsm.VSMCancellation@31c88ec8</td></tr>
<tr>
<td title='com.vsm.VSMCancellation.vsmCanelation()'><b>vsmCanelation</b><br>Test class: com.vsm.VSMCancellation<br>Parameters: lenskartest9@gmail.com</td>
<td></td>
<td>13</td>
<td>com.vsm.VSMCancellation@31c88ec8</td></tr>
<tr>
<td title='com.vsm.VSMCancellation.vsmCanelation()'><b>vsmCanelation</b><br>Test class: com.vsm.VSMCancellation<br>Parameters: lenskart.test01a@gmail.com</td>
<td></td>
<td>12</td>
<td>com.vsm.VSMCancellation@31c88ec8</td></tr>
<tr>
<td title='com.vsm.VSMCancellation.vsmCanelation()'><b>vsmCanelation</b><br>Test class: com.vsm.VSMCancellation<br>Parameters: lenskart.test02a@gmail.com</td>
<td></td>
<td>11</td>
<td>com.vsm.VSMCancellation@31c88ec8</td></tr>
<tr>
<td title='com.vsm.VSMCancellation.vsmCanelation()'><b>vsmCanelation</b><br>Test class: com.vsm.VSMCancellation<br>Parameters: lenskart.test03a@gmail.com</td>
<td></td>
<td>13</td>
<td>com.vsm.VSMCancellation@31c88ec8</td></tr>
<tr>
<td title='com.vsm.VSMCancellation.vsmCanelation()'><b>vsmCanelation</b><br>Test class: com.vsm.VSMCancellation<br>Parameters: lenskart.test2811@gmail.com</td>
<td></td>
<td>12</td>
<td>com.vsm.VSMCancellation@31c88ec8</td></tr>
<tr>
<td title='com.vsm.VSMCancellation.vsmCanelation()'><b>vsmCanelation</b><br>Test class: com.vsm.VSMCancellation<br>Parameters: lenskart.test28@gmail.com</td>
<td></td>
<td>11</td>
<td>com.vsm.VSMCancellation@31c88ec8</td></tr>
<tr>
<td title='com.vsm.VSMCancellation.vsmCanelation()'><b>vsmCanelation</b><br>Test class: com.vsm.VSMCancellation<br>Parameters: lenskart.test27@gmail.com</td>
<td></td>
<td>12</td>
<td>com.vsm.VSMCancellation@31c88ec8</td></tr>
<tr>
<td title='com.vsm.VSMCancellation.vsmCanelation()'><b>vsmCanelation</b><br>Test class: com.vsm.VSMCancellation<br>Parameters: lenskart.test24@gmail.com</td>
<td></td>
<td>16</td>
<td>com.vsm.VSMCancellation@31c88ec8</td></tr>
<tr>
<td title='com.vsm.VSMCancellation.vsmCanelation()'><b>vsmCanelation</b><br>Test class: com.vsm.VSMCancellation<br>Parameters: lenskartautomationteam01@gmail.com</td>
<td></td>
<td>12</td>
<td>com.vsm.VSMCancellation@31c88ec8</td></tr>
<tr>
<td title='com.vsm.VSMCancellation.vsmCanelation()'><b>vsmCanelation</b><br>Test class: com.vsm.VSMCancellation<br>Parameters: lenskart.test11@gmail.com</td>
<td></td>
<td>12</td>
<td>com.vsm.VSMCancellation@31c88ec8</td></tr>
<tr>
<td title='com.vsm.VSMCancellation.vsmCanelation()'><b>vsmCanelation</b><br>Test class: com.vsm.VSMCancellation<br>Parameters: lenskart.test10@gmail.com</td>
<td></td>
<td>12</td>
<td>com.vsm.VSMCancellation@31c88ec8</td></tr>
<tr>
<td title='com.vsm.VSMCancellation.vsmCanelation()'><b>vsmCanelation</b><br>Test class: com.vsm.VSMCancellation<br>Parameters: deepc@valyoo.in</td>
<td></td>
<td>68</td>
<td>com.vsm.VSMCancellation@31c88ec8</td></tr>
<tr>
<td title='com.vsm.VSMCancellation.vsmCanelation()'><b>vsmCanelation</b><br>Test class: com.vsm.VSMCancellation<br>Parameters: lenskart.test9@gmail.com</td>
<td></td>
<td>26</td>
<td>com.vsm.VSMCancellation@31c88ec8</td></tr>
<tr>
<td title='com.vsm.VSMCancellation.vsmCanelation()'><b>vsmCanelation</b><br>Test class: com.vsm.VSMCancellation<br>Parameters: Lenskart.test2@gmail.com</td>
<td></td>
<td>20</td>
<td>com.vsm.VSMCancellation@31c88ec8</td></tr>
<tr>
<td title='com.vsm.VSMCancellation.vsmCanelation()'><b>vsmCanelation</b><br>Test class: com.vsm.VSMCancellation<br>Parameters: lenskart.test23@gmail.com</td>
<td></td>
<td>16</td>
<td>com.vsm.VSMCancellation@31c88ec8</td></tr>
<tr>
<td title='com.vsm.VSMCancellation.vsmCanelation()'><b>vsmCanelation</b><br>Test class: com.vsm.VSMCancellation<br>Parameters: thrivenimargad@gmail.com</td>
<td></td>
<td>25</td>
<td>com.vsm.VSMCancellation@31c88ec8</td></tr>
<tr>
<td title='com.vsm.VSMCancellation.vsmCanelation()'><b>vsmCanelation</b><br>Test class: com.vsm.VSMCancellation<br>Parameters: thriveni@lenskart.in</td>
<td></td>
<td>14</td>
<td>com.vsm.VSMCancellation@31c88ec8</td></tr>
<tr>
<td title='com.vsm.VSMCancellation.vsmCanelation()'><b>vsmCanelation</b><br>Test class: com.vsm.VSMCancellation<br>Parameters: deepa.kerur@lenskart.in</td>
<td></td>
<td>35</td>
<td>com.vsm.VSMCancellation@31c88ec8</td></tr>
<tr>
<td title='com.vsm.VSMCancellation.vsmCanelation()'><b>vsmCanelation</b><br>Test class: com.vsm.VSMCancellation<br>Parameters: Shivani.goudar@lenskart.in</td>
<td></td>
<td>13</td>
<td>com.vsm.VSMCancellation@31c88ec8</td></tr>
<tr>
<td title='com.vsm.VSMCancellation.vsmCanelation()'><b>vsmCanelation</b><br>Test class: com.vsm.VSMCancellation<br>Parameters: 2123000004</td>
<td></td>
<td>14</td>
<td>com.vsm.VSMCancellation@31c88ec8</td></tr>
<tr>
<td title='com.vsm.VSMCancellation.vsmCanelation()'><b>vsmCanelation</b><br>Test class: com.vsm.VSMCancellation<br>Parameters: 7903467731</td>
<td></td>
<td>20</td>
<td>com.vsm.VSMCancellation@31c88ec8</td></tr>
<tr>
<td title='com.vsm.VSMCancellation.vsmCanelation()'><b>vsmCanelation</b><br>Test class: com.vsm.VSMCancellation<br>Parameters: 2123000006</td>
<td></td>
<td>20</td>
<td>com.vsm.VSMCancellation@31c88ec8</td></tr>
<tr>
<td title='com.vsm.VSMCancellation.vsmCanelation()'><b>vsmCanelation</b><br>Test class: com.vsm.VSMCancellation<br>Parameters: 2123000007</td>
<td></td>
<td>45</td>
<td>com.vsm.VSMCancellation@31c88ec8</td></tr>
<tr>
<td title='com.vsm.VSMCancellation.vsmCanelation()'><b>vsmCanelation</b><br>Test class: com.vsm.VSMCancellation<br>Parameters: 2123000008</td>
<td></td>
<td>27</td>
<td>com.vsm.VSMCancellation@31c88ec8</td></tr>
<tr>
<td title='com.vsm.VSMCancellation.vsmCanelation()'><b>vsmCanelation</b><br>Test class: com.vsm.VSMCancellation<br>Parameters: 2123000009</td>
<td></td>
<td>15</td>
<td>com.vsm.VSMCancellation@31c88ec8</td></tr>
<tr>
<td title='com.vsm.VSMCancellation.vsmCanelation()'><b>vsmCanelation</b><br>Test class: com.vsm.VSMCancellation<br>Parameters: 2123000005</td>
<td></td>
<td>388</td>
<td>com.vsm.VSMCancellation@31c88ec8</td></tr>
</table><p>
</body>
</html>