<?xml version="1.0" encoding="UTF-8"?>
<!-- Generated by org.testng.reporters.JUnitXMLReporter -->
<testsuite ignored="0" hostname="DESKTOP-A71PO2S" failures="5" tests="91" name="Test" time="2451.905" errors="0" timestamp="2022-04-15T14:20:50 IST">
  <testcase classname="com.vsm.VSMCancellation" name="vsmCanelation" time="91.896"/>
  <testcase classname="com.vsm.VSMCancellation" name="vsmCanelation" time="174.069">
    <failure type="org.openqa.selenium.NoSuchElementException" message="no such element: Unable to locate element: {&amp;quot;method&amp;quot;:&amp;quot;xpath&amp;quot;,&amp;quot;selector&amp;quot;:&amp;quot;//span[@style=&amp;apos;color:green;font-size:20px;&amp;apos;]&amp;quot;}
  (Session info: headless chrome=100.0.4896.88)
For documentation on this error, please visit: https://www.seleniumhq.org/exceptions/no_such_element.html
Build info: version: &amp;apos;3.141.59&amp;apos;, revision: &amp;apos;e82be7d358&amp;apos;, time: &amp;apos;2018-11-14T08:17:03&amp;apos;
System info: host: &amp;apos;DESKTOP-A71PO2S&amp;apos;, ip: &amp;apos;10.0.0.4&amp;apos;, os.name: &amp;apos;Windows 10&amp;apos;, os.arch: &amp;apos;amd64&amp;apos;, os.version: &amp;apos;10.0&amp;apos;, java.version: &amp;apos;13.0.1&amp;apos;
Driver info: org.openqa.selenium.chrome.ChromeDriver
Capabilities {acceptInsecureCerts: false, browserName: chrome, browserVersion: 100.0.4896.88, chrome: {chromedriverVersion: 100.0.4896.60 (6a5d10861ce8..., userDataDir: C:\Users\Lenskart\AppData\L...}, goog:chromeOptions: {debuggerAddress: localhost:65004}, javascriptEnabled: true, networkConnectionEnabled: false, pageLoadStrategy: normal, platform: WINDOWS, platformName: WINDOWS, proxy: Proxy(), setWindowRect: true, strictFileInteractability: false, timeouts: {implicit: 0, pageLoad: 300000, script: 30000}, unhandledPromptBehavior: dismiss and notify, webauthn:extension:credBlob: true, webauthn:extension:largeBlob: true, webauthn:virtualAuthenticators: true}
Session ID: 6a7dbd331f17fe5607bc5736015b6d5b
*** Element info: {Using=xpath, value=//span[@style=&amp;apos;color:green;font-size:20px;&amp;apos;]}">
      <![CDATA[org.openqa.selenium.NoSuchElementException: no such element: Unable to locate element: {"method":"xpath","selector":"//span[@style='color:green;font-size:20px;']"}
  (Session info: headless chrome=100.0.4896.88)
For documentation on this error, please visit: https://www.seleniumhq.org/exceptions/no_such_element.html
Build info: version: '3.141.59', revision: 'e82be7d358', time: '2018-11-14T08:17:03'
System info: host: 'DESKTOP-A71PO2S', ip: '10.0.0.4', os.name: 'Windows 10', os.arch: 'amd64', os.version: '10.0', java.version: '13.0.1'
Driver info: org.openqa.selenium.chrome.ChromeDriver
Capabilities {acceptInsecureCerts: false, browserName: chrome, browserVersion: 100.0.4896.88, chrome: {chromedriverVersion: 100.0.4896.60 (6a5d10861ce8..., userDataDir: C:\Users\Lenskart\AppData\L...}, goog:chromeOptions: {debuggerAddress: localhost:65004}, javascriptEnabled: true, networkConnectionEnabled: false, pageLoadStrategy: normal, platform: WINDOWS, platformName: WINDOWS, proxy: Proxy(), setWindowRect: true, strictFileInteractability: false, timeouts: {implicit: 0, pageLoad: 300000, script: 30000}, unhandledPromptBehavior: dismiss and notify, webauthn:extension:credBlob: true, webauthn:extension:largeBlob: true, webauthn:virtualAuthenticators: true}
Session ID: 6a7dbd331f17fe5607bc5736015b6d5b
*** Element info: {Using=xpath, value=//span[@style='color:green;font-size:20px;']}
at org.openqa.selenium.remote.http.W3CHttpResponseCodec.createException(W3CHttpResponseCodec.java:187)
at org.openqa.selenium.remote.http.W3CHttpResponseCodec.decode(W3CHttpResponseCodec.java:122)
at org.openqa.selenium.remote.http.W3CHttpResponseCodec.decode(W3CHttpResponseCodec.java:49)
at org.openqa.selenium.remote.HttpCommandExecutor.execute(HttpCommandExecutor.java:158)
at org.openqa.selenium.remote.service.DriverCommandExecutor.execute(DriverCommandExecutor.java:83)
at org.openqa.selenium.remote.RemoteWebDriver.execute(RemoteWebDriver.java:552)
at org.openqa.selenium.remote.RemoteWebDriver.findElement(RemoteWebDriver.java:323)
at org.openqa.selenium.remote.RemoteWebDriver.findElementByXPath(RemoteWebDriver.java:428)
at org.openqa.selenium.By$ByXPath.findElement(By.java:353)
at org.openqa.selenium.remote.RemoteWebDriver.findElement(RemoteWebDriver.java:315)
at com.vsm.VSMCancellation.vsmCanelation(VSMCancellation.java:139)
at java.base/java.util.concurrent.FutureTask.run(FutureTask.java:264)
at java.base/java.util.concurrent.Executors$RunnableAdapter.call(Executors.java:515)
at java.base/java.util.concurrent.FutureTask.run(FutureTask.java:264)
at java.base/java.util.concurrent.ThreadPoolExecutor.runWorker(ThreadPoolExecutor.java:1128)
at java.base/java.util.concurrent.ThreadPoolExecutor$Worker.run(ThreadPoolExecutor.java:628)
at java.base/java.lang.Thread.run(Thread.java:830)
... Removed 13 stack frames]]>
    </failure>
  </testcase> <!-- vsmCanelation -->
  <testcase classname="com.vsm.VSMCancellation" name="vsmCanelation" time="46.277"/>
  <testcase classname="com.vsm.VSMCancellation" name="vsmCanelation" time="22.016"/>
  <testcase classname="com.vsm.VSMCancellation" name="vsmCanelation" time="20.391"/>
  <testcase classname="com.vsm.VSMCancellation" name="vsmCanelation" time="363.245"/>
  <testcase classname="com.vsm.VSMCancellation" name="vsmCanelation" time="156.032"/>
  <testcase classname="com.vsm.VSMCancellation" name="vsmCanelation" time="15.085"/>
  <testcase classname="com.vsm.VSMCancellation" name="vsmCanelation" time="302.031"/>
  <testcase classname="com.vsm.VSMCancellation" name="vsmCanelation" time="19.598"/>
  <testcase classname="com.vsm.VSMCancellation" name="vsmCanelation" time="46.793"/>
  <testcase classname="com.vsm.VSMCancellation" name="vsmCanelation" time="473.812"/>
  <testcase classname="com.vsm.VSMCancellation" name="vsmCanelation" time="119.821"/>
  <testcase classname="com.vsm.VSMCancellation" name="vsmCanelation" time="65.846"/>
  <testcase classname="com.vsm.VSMCancellation" name="vsmCanelation" time="18.941"/>
  <testcase classname="com.vsm.VSMCancellation" name="vsmCanelation" time="40.895"/>
  <testcase classname="com.vsm.VSMCancellation" name="vsmCanelation" time="30.268"/>
  <testcase classname="com.vsm.VSMCancellation" name="vsmCanelation" time="22.278"/>
  <testcase classname="com.vsm.VSMCancellation" name="vsmCanelation" time="583.364"/>
  <testcase classname="com.vsm.VSMCancellation" name="vsmCanelation" time="47.546"/>
  <testcase classname="com.vsm.VSMCancellation" name="vsmCanelation" time="21.223"/>
  <testcase classname="com.vsm.VSMCancellation" name="vsmCanelation" time="82.92"/>
  <testcase classname="com.vsm.VSMCancellation" name="vsmCanelation" time="18.839">
    <failure type="org.openqa.selenium.NoSuchElementException" message="no such element: Unable to locate element: {&amp;quot;method&amp;quot;:&amp;quot;xpath&amp;quot;,&amp;quot;selector&amp;quot;:&amp;quot;//*[@id=&amp;apos;rounded-corner&amp;apos;]/tbody/tr[1]/td[2]&amp;quot;}
  (Session info: headless chrome=100.0.4896.88)
For documentation on this error, please visit: https://www.seleniumhq.org/exceptions/no_such_element.html
Build info: version: &amp;apos;3.141.59&amp;apos;, revision: &amp;apos;e82be7d358&amp;apos;, time: &amp;apos;2018-11-14T08:17:03&amp;apos;
System info: host: &amp;apos;DESKTOP-A71PO2S&amp;apos;, ip: &amp;apos;10.0.0.4&amp;apos;, os.name: &amp;apos;Windows 10&amp;apos;, os.arch: &amp;apos;amd64&amp;apos;, os.version: &amp;apos;10.0&amp;apos;, java.version: &amp;apos;13.0.1&amp;apos;
Driver info: org.openqa.selenium.chrome.ChromeDriver
Capabilities {acceptInsecureCerts: false, browserName: chrome, browserVersion: 100.0.4896.88, chrome: {chromedriverVersion: 100.0.4896.60 (6a5d10861ce8..., userDataDir: C:\Users\Lenskart\AppData\L...}, goog:chromeOptions: {debuggerAddress: localhost:51280}, javascriptEnabled: true, networkConnectionEnabled: false, pageLoadStrategy: normal, platform: WINDOWS, platformName: WINDOWS, proxy: Proxy(), setWindowRect: true, strictFileInteractability: false, timeouts: {implicit: 0, pageLoad: 300000, script: 30000}, unhandledPromptBehavior: dismiss and notify, webauthn:extension:credBlob: true, webauthn:extension:largeBlob: true, webauthn:virtualAuthenticators: true}
Session ID: 065014f3d306376702d22574fe6d3c3f
*** Element info: {Using=xpath, value=//*[@id=&amp;apos;rounded-corner&amp;apos;]/tbody/tr[1]/td[2]}">
      <![CDATA[org.openqa.selenium.NoSuchElementException: no such element: Unable to locate element: {"method":"xpath","selector":"//*[@id='rounded-corner']/tbody/tr[1]/td[2]"}
  (Session info: headless chrome=100.0.4896.88)
For documentation on this error, please visit: https://www.seleniumhq.org/exceptions/no_such_element.html
Build info: version: '3.141.59', revision: 'e82be7d358', time: '2018-11-14T08:17:03'
System info: host: 'DESKTOP-A71PO2S', ip: '10.0.0.4', os.name: 'Windows 10', os.arch: 'amd64', os.version: '10.0', java.version: '13.0.1'
Driver info: org.openqa.selenium.chrome.ChromeDriver
Capabilities {acceptInsecureCerts: false, browserName: chrome, browserVersion: 100.0.4896.88, chrome: {chromedriverVersion: 100.0.4896.60 (6a5d10861ce8..., userDataDir: C:\Users\Lenskart\AppData\L...}, goog:chromeOptions: {debuggerAddress: localhost:51280}, javascriptEnabled: true, networkConnectionEnabled: false, pageLoadStrategy: normal, platform: WINDOWS, platformName: WINDOWS, proxy: Proxy(), setWindowRect: true, strictFileInteractability: false, timeouts: {implicit: 0, pageLoad: 300000, script: 30000}, unhandledPromptBehavior: dismiss and notify, webauthn:extension:credBlob: true, webauthn:extension:largeBlob: true, webauthn:virtualAuthenticators: true}
Session ID: 065014f3d306376702d22574fe6d3c3f
*** Element info: {Using=xpath, value=//*[@id='rounded-corner']/tbody/tr[1]/td[2]}
at org.openqa.selenium.remote.http.W3CHttpResponseCodec.createException(W3CHttpResponseCodec.java:187)
at org.openqa.selenium.remote.http.W3CHttpResponseCodec.decode(W3CHttpResponseCodec.java:122)
at org.openqa.selenium.remote.http.W3CHttpResponseCodec.decode(W3CHttpResponseCodec.java:49)
at org.openqa.selenium.remote.HttpCommandExecutor.execute(HttpCommandExecutor.java:158)
at org.openqa.selenium.remote.service.DriverCommandExecutor.execute(DriverCommandExecutor.java:83)
at org.openqa.selenium.remote.RemoteWebDriver.execute(RemoteWebDriver.java:552)
at org.openqa.selenium.remote.RemoteWebDriver.findElement(RemoteWebDriver.java:323)
at org.openqa.selenium.remote.RemoteWebDriver.findElementByXPath(RemoteWebDriver.java:428)
at org.openqa.selenium.By$ByXPath.findElement(By.java:353)
at org.openqa.selenium.remote.RemoteWebDriver.findElement(RemoteWebDriver.java:315)
at com.vsm.VSMCancellation.vsmCanelation(VSMCancellation.java:86)
at java.base/java.util.concurrent.FutureTask.run(FutureTask.java:264)
at java.base/java.util.concurrent.Executors$RunnableAdapter.call(Executors.java:515)
at java.base/java.util.concurrent.FutureTask.run(FutureTask.java:264)
at java.base/java.util.concurrent.ThreadPoolExecutor.runWorker(ThreadPoolExecutor.java:1128)
at java.base/java.util.concurrent.ThreadPoolExecutor$Worker.run(ThreadPoolExecutor.java:628)
at java.base/java.lang.Thread.run(Thread.java:830)
... Removed 12 stack frames]]>
    </failure>
  </testcase> <!-- vsmCanelation -->
  <testcase classname="com.vsm.VSMCancellation" name="vsmCanelation" time="19.249"/>
  <testcase classname="com.vsm.VSMCancellation" name="vsmCanelation" time="49.963">
    <failure type="org.openqa.selenium.NoSuchElementException" message="no such element: Unable to locate element: {&amp;quot;method&amp;quot;:&amp;quot;xpath&amp;quot;,&amp;quot;selector&amp;quot;:&amp;quot;//span[@style=&amp;apos;color:green;font-size:20px;&amp;apos;]&amp;quot;}
  (Session info: headless chrome=100.0.4896.88)
For documentation on this error, please visit: https://www.seleniumhq.org/exceptions/no_such_element.html
Build info: version: &amp;apos;3.141.59&amp;apos;, revision: &amp;apos;e82be7d358&amp;apos;, time: &amp;apos;2018-11-14T08:17:03&amp;apos;
System info: host: &amp;apos;DESKTOP-A71PO2S&amp;apos;, ip: &amp;apos;10.0.0.4&amp;apos;, os.name: &amp;apos;Windows 10&amp;apos;, os.arch: &amp;apos;amd64&amp;apos;, os.version: &amp;apos;10.0&amp;apos;, java.version: &amp;apos;13.0.1&amp;apos;
Driver info: org.openqa.selenium.chrome.ChromeDriver
Capabilities {acceptInsecureCerts: false, browserName: chrome, browserVersion: 100.0.4896.88, chrome: {chromedriverVersion: 100.0.4896.60 (6a5d10861ce8..., userDataDir: C:\Users\Lenskart\AppData\L...}, goog:chromeOptions: {debuggerAddress: localhost:51372}, javascriptEnabled: true, networkConnectionEnabled: false, pageLoadStrategy: normal, platform: WINDOWS, platformName: WINDOWS, proxy: Proxy(), setWindowRect: true, strictFileInteractability: false, timeouts: {implicit: 0, pageLoad: 300000, script: 30000}, unhandledPromptBehavior: dismiss and notify, webauthn:extension:credBlob: true, webauthn:extension:largeBlob: true, webauthn:virtualAuthenticators: true}
Session ID: 37fc40472dd3e025fc7c0083f801c6e5
*** Element info: {Using=xpath, value=//span[@style=&amp;apos;color:green;font-size:20px;&amp;apos;]}">
      <![CDATA[org.openqa.selenium.NoSuchElementException: no such element: Unable to locate element: {"method":"xpath","selector":"//span[@style='color:green;font-size:20px;']"}
  (Session info: headless chrome=100.0.4896.88)
For documentation on this error, please visit: https://www.seleniumhq.org/exceptions/no_such_element.html
Build info: version: '3.141.59', revision: 'e82be7d358', time: '2018-11-14T08:17:03'
System info: host: 'DESKTOP-A71PO2S', ip: '10.0.0.4', os.name: 'Windows 10', os.arch: 'amd64', os.version: '10.0', java.version: '13.0.1'
Driver info: org.openqa.selenium.chrome.ChromeDriver
Capabilities {acceptInsecureCerts: false, browserName: chrome, browserVersion: 100.0.4896.88, chrome: {chromedriverVersion: 100.0.4896.60 (6a5d10861ce8..., userDataDir: C:\Users\Lenskart\AppData\L...}, goog:chromeOptions: {debuggerAddress: localhost:51372}, javascriptEnabled: true, networkConnectionEnabled: false, pageLoadStrategy: normal, platform: WINDOWS, platformName: WINDOWS, proxy: Proxy(), setWindowRect: true, strictFileInteractability: false, timeouts: {implicit: 0, pageLoad: 300000, script: 30000}, unhandledPromptBehavior: dismiss and notify, webauthn:extension:credBlob: true, webauthn:extension:largeBlob: true, webauthn:virtualAuthenticators: true}
Session ID: 37fc40472dd3e025fc7c0083f801c6e5
*** Element info: {Using=xpath, value=//span[@style='color:green;font-size:20px;']}
at org.openqa.selenium.remote.http.W3CHttpResponseCodec.createException(W3CHttpResponseCodec.java:187)
at org.openqa.selenium.remote.http.W3CHttpResponseCodec.decode(W3CHttpResponseCodec.java:122)
at org.openqa.selenium.remote.http.W3CHttpResponseCodec.decode(W3CHttpResponseCodec.java:49)
at org.openqa.selenium.remote.HttpCommandExecutor.execute(HttpCommandExecutor.java:158)
at org.openqa.selenium.remote.service.DriverCommandExecutor.execute(DriverCommandExecutor.java:83)
at org.openqa.selenium.remote.RemoteWebDriver.execute(RemoteWebDriver.java:552)
at org.openqa.selenium.remote.RemoteWebDriver.findElement(RemoteWebDriver.java:323)
at org.openqa.selenium.remote.RemoteWebDriver.findElementByXPath(RemoteWebDriver.java:428)
at org.openqa.selenium.By$ByXPath.findElement(By.java:353)
at org.openqa.selenium.remote.RemoteWebDriver.findElement(RemoteWebDriver.java:315)
at com.vsm.VSMCancellation.vsmCanelation(VSMCancellation.java:139)
at java.base/java.util.concurrent.FutureTask.run(FutureTask.java:264)
at java.base/java.util.concurrent.Executors$RunnableAdapter.call(Executors.java:515)
at java.base/java.util.concurrent.FutureTask.run(FutureTask.java:264)
at java.base/java.util.concurrent.ThreadPoolExecutor.runWorker(ThreadPoolExecutor.java:1128)
at java.base/java.util.concurrent.ThreadPoolExecutor$Worker.run(ThreadPoolExecutor.java:628)
at java.base/java.lang.Thread.run(Thread.java:830)
... Removed 12 stack frames]]>
    </failure>
  </testcase> <!-- vsmCanelation -->
  <testcase classname="com.vsm.VSMCancellation" name="vsmCanelation" time="15.84"/>
  <testcase classname="com.vsm.VSMCancellation" name="vsmCanelation" time="59.572">
    <failure type="org.openqa.selenium.NoSuchElementException" message="no such element: Unable to locate element: {&amp;quot;method&amp;quot;:&amp;quot;xpath&amp;quot;,&amp;quot;selector&amp;quot;:&amp;quot;//span[@style=&amp;apos;color:green;font-size:20px;&amp;apos;]&amp;quot;}
  (Session info: headless chrome=100.0.4896.88)
For documentation on this error, please visit: https://www.seleniumhq.org/exceptions/no_such_element.html
Build info: version: &amp;apos;3.141.59&amp;apos;, revision: &amp;apos;e82be7d358&amp;apos;, time: &amp;apos;2018-11-14T08:17:03&amp;apos;
System info: host: &amp;apos;DESKTOP-A71PO2S&amp;apos;, ip: &amp;apos;10.0.0.4&amp;apos;, os.name: &amp;apos;Windows 10&amp;apos;, os.arch: &amp;apos;amd64&amp;apos;, os.version: &amp;apos;10.0&amp;apos;, java.version: &amp;apos;13.0.1&amp;apos;
Driver info: org.openqa.selenium.chrome.ChromeDriver
Capabilities {acceptInsecureCerts: false, browserName: chrome, browserVersion: 100.0.4896.88, chrome: {chromedriverVersion: 100.0.4896.60 (6a5d10861ce8..., userDataDir: C:\Users\Lenskart\AppData\L...}, goog:chromeOptions: {debuggerAddress: localhost:51455}, javascriptEnabled: true, networkConnectionEnabled: false, pageLoadStrategy: normal, platform: WINDOWS, platformName: WINDOWS, proxy: Proxy(), setWindowRect: true, strictFileInteractability: false, timeouts: {implicit: 0, pageLoad: 300000, script: 30000}, unhandledPromptBehavior: dismiss and notify, webauthn:extension:credBlob: true, webauthn:extension:largeBlob: true, webauthn:virtualAuthenticators: true}
Session ID: df22abb42f23efb52e7e6dd1ee394f14
*** Element info: {Using=xpath, value=//span[@style=&amp;apos;color:green;font-size:20px;&amp;apos;]}">
      <![CDATA[org.openqa.selenium.NoSuchElementException: no such element: Unable to locate element: {"method":"xpath","selector":"//span[@style='color:green;font-size:20px;']"}
  (Session info: headless chrome=100.0.4896.88)
For documentation on this error, please visit: https://www.seleniumhq.org/exceptions/no_such_element.html
Build info: version: '3.141.59', revision: 'e82be7d358', time: '2018-11-14T08:17:03'
System info: host: 'DESKTOP-A71PO2S', ip: '10.0.0.4', os.name: 'Windows 10', os.arch: 'amd64', os.version: '10.0', java.version: '13.0.1'
Driver info: org.openqa.selenium.chrome.ChromeDriver
Capabilities {acceptInsecureCerts: false, browserName: chrome, browserVersion: 100.0.4896.88, chrome: {chromedriverVersion: 100.0.4896.60 (6a5d10861ce8..., userDataDir: C:\Users\Lenskart\AppData\L...}, goog:chromeOptions: {debuggerAddress: localhost:51455}, javascriptEnabled: true, networkConnectionEnabled: false, pageLoadStrategy: normal, platform: WINDOWS, platformName: WINDOWS, proxy: Proxy(), setWindowRect: true, strictFileInteractability: false, timeouts: {implicit: 0, pageLoad: 300000, script: 30000}, unhandledPromptBehavior: dismiss and notify, webauthn:extension:credBlob: true, webauthn:extension:largeBlob: true, webauthn:virtualAuthenticators: true}
Session ID: df22abb42f23efb52e7e6dd1ee394f14
*** Element info: {Using=xpath, value=//span[@style='color:green;font-size:20px;']}
at org.openqa.selenium.remote.http.W3CHttpResponseCodec.createException(W3CHttpResponseCodec.java:187)
at org.openqa.selenium.remote.http.W3CHttpResponseCodec.decode(W3CHttpResponseCodec.java:122)
at org.openqa.selenium.remote.http.W3CHttpResponseCodec.decode(W3CHttpResponseCodec.java:49)
at org.openqa.selenium.remote.HttpCommandExecutor.execute(HttpCommandExecutor.java:158)
at org.openqa.selenium.remote.service.DriverCommandExecutor.execute(DriverCommandExecutor.java:83)
at org.openqa.selenium.remote.RemoteWebDriver.execute(RemoteWebDriver.java:552)
at org.openqa.selenium.remote.RemoteWebDriver.findElement(RemoteWebDriver.java:323)
at org.openqa.selenium.remote.RemoteWebDriver.findElementByXPath(RemoteWebDriver.java:428)
at org.openqa.selenium.By$ByXPath.findElement(By.java:353)
at org.openqa.selenium.remote.RemoteWebDriver.findElement(RemoteWebDriver.java:315)
at com.vsm.VSMCancellation.vsmCanelation(VSMCancellation.java:139)
at java.base/java.util.concurrent.FutureTask.run(FutureTask.java:264)
at java.base/java.util.concurrent.Executors$RunnableAdapter.call(Executors.java:515)
at java.base/java.util.concurrent.FutureTask.run(FutureTask.java:264)
at java.base/java.util.concurrent.ThreadPoolExecutor.runWorker(ThreadPoolExecutor.java:1128)
at java.base/java.util.concurrent.ThreadPoolExecutor$Worker.run(ThreadPoolExecutor.java:628)
at java.base/java.lang.Thread.run(Thread.java:830)
... Removed 12 stack frames]]>
    </failure>
  </testcase> <!-- vsmCanelation -->
  <testcase classname="com.vsm.VSMCancellation" name="vsmCanelation" time="12.434"/>
  <testcase classname="com.vsm.VSMCancellation" name="vsmCanelation" time="11.905"/>
  <testcase classname="com.vsm.VSMCancellation" name="vsmCanelation" time="29.942"/>
  <testcase classname="com.vsm.VSMCancellation" name="vsmCanelation" time="16.301"/>
  <testcase classname="com.vsm.VSMCancellation" name="vsmCanelation" time="30.177"/>
  <testcase classname="com.vsm.VSMCancellation" name="vsmCanelation" time="109.275"/>
  <testcase classname="com.vsm.VSMCancellation" name="vsmCanelation" time="21.706"/>
  <testcase classname="com.vsm.VSMCancellation" name="vsmCanelation" time="32.705"/>
  <testcase classname="com.vsm.VSMCancellation" name="vsmCanelation" time="89.168"/>
  <testcase classname="com.vsm.VSMCancellation" name="vsmCanelation" time="13.661"/>
  <testcase classname="com.vsm.VSMCancellation" name="vsmCanelation" time="15.515"/>
  <testcase classname="com.vsm.VSMCancellation" name="vsmCanelation" time="25.7"/>
  <testcase classname="com.vsm.VSMCancellation" name="vsmCanelation" time="28.851"/>
  <testcase classname="com.vsm.VSMCancellation" name="vsmCanelation" time="35.894"/>
  <testcase classname="com.vsm.VSMCancellation" name="vsmCanelation" time="13.249"/>
  <testcase classname="com.vsm.VSMCancellation" name="vsmCanelation" time="13.229"/>
  <testcase classname="com.vsm.VSMCancellation" name="vsmCanelation" time="12.322"/>
  <testcase classname="com.vsm.VSMCancellation" name="vsmCanelation" time="15.117"/>
  <testcase classname="com.vsm.VSMCancellation" name="vsmCanelation" time="12.763"/>
  <testcase classname="com.vsm.VSMCancellation" name="vsmCanelation" time="11.845"/>
  <testcase classname="com.vsm.VSMCancellation" name="vsmCanelation" time="11.926"/>
  <testcase classname="com.vsm.VSMCancellation" name="vsmCanelation" time="15.937"/>
  <testcase classname="com.vsm.VSMCancellation" name="vsmCanelation" time="12.114"/>
  <testcase classname="com.vsm.VSMCancellation" name="vsmCanelation" time="12.225"/>
  <testcase classname="com.vsm.VSMCancellation" name="vsmCanelation" time="12.149"/>
  <testcase classname="com.vsm.VSMCancellation" name="vsmCanelation" time="12.079"/>
  <testcase classname="com.vsm.VSMCancellation" name="vsmCanelation" time="13.345"/>
  <testcase classname="com.vsm.VSMCancellation" name="vsmCanelation" time="17.312"/>
  <testcase classname="com.vsm.VSMCancellation" name="vsmCanelation" time="12.4"/>
  <testcase classname="com.vsm.VSMCancellation" name="vsmCanelation" time="23.715"/>
  <testcase classname="com.vsm.VSMCancellation" name="vsmCanelation" time="12.814"/>
  <testcase classname="com.vsm.VSMCancellation" name="vsmCanelation" time="13.245"/>
  <testcase classname="com.vsm.VSMCancellation" name="vsmCanelation" time="13.666"/>
  <testcase classname="com.vsm.VSMCancellation" name="vsmCanelation" time="12.703"/>
  <testcase classname="com.vsm.VSMCancellation" name="vsmCanelation" time="11.866"/>
  <testcase classname="com.vsm.VSMCancellation" name="vsmCanelation" time="11.812"/>
  <testcase classname="com.vsm.VSMCancellation" name="vsmCanelation" time="14.921"/>
  <testcase classname="com.vsm.VSMCancellation" name="vsmCanelation" time="13.138"/>
  <testcase classname="com.vsm.VSMCancellation" name="vsmCanelation" time="12.025"/>
  <testcase classname="com.vsm.VSMCancellation" name="vsmCanelation" time="11.797"/>
  <testcase classname="com.vsm.VSMCancellation" name="vsmCanelation" time="13.37"/>
  <testcase classname="com.vsm.VSMCancellation" name="vsmCanelation" time="12.165"/>
  <testcase classname="com.vsm.VSMCancellation" name="vsmCanelation" time="11.691"/>
  <testcase classname="com.vsm.VSMCancellation" name="vsmCanelation" time="12.054"/>
  <testcase classname="com.vsm.VSMCancellation" name="vsmCanelation" time="16.522"/>
  <testcase classname="com.vsm.VSMCancellation" name="vsmCanelation" time="12.566"/>
  <testcase classname="com.vsm.VSMCancellation" name="vsmCanelation" time="12.625"/>
  <testcase classname="com.vsm.VSMCancellation" name="vsmCanelation" time="12.948"/>
  <testcase classname="com.vsm.VSMCancellation" name="vsmCanelation" time="68.73"/>
  <testcase classname="com.vsm.VSMCancellation" name="vsmCanelation" time="26.189"/>
  <testcase classname="com.vsm.VSMCancellation" name="vsmCanelation" time="20.819"/>
  <testcase classname="com.vsm.VSMCancellation" name="vsmCanelation" time="16.557"/>
  <testcase classname="com.vsm.VSMCancellation" name="vsmCanelation" time="25.019"/>
  <testcase classname="com.vsm.VSMCancellation" name="vsmCanelation" time="14.452"/>
  <testcase classname="com.vsm.VSMCancellation" name="vsmCanelation" time="35.904"/>
  <testcase classname="com.vsm.VSMCancellation" name="vsmCanelation" time="17.108">
    <failure type="org.openqa.selenium.NoSuchElementException" message="no such element: Unable to locate element: {&amp;quot;method&amp;quot;:&amp;quot;xpath&amp;quot;,&amp;quot;selector&amp;quot;:&amp;quot;//span[@style=&amp;apos;color:green;font-size:20px;&amp;apos;]&amp;quot;}
  (Session info: headless chrome=100.0.4896.88)
For documentation on this error, please visit: https://www.seleniumhq.org/exceptions/no_such_element.html
Build info: version: &amp;apos;3.141.59&amp;apos;, revision: &amp;apos;e82be7d358&amp;apos;, time: &amp;apos;2018-11-14T08:17:03&amp;apos;
System info: host: &amp;apos;DESKTOP-A71PO2S&amp;apos;, ip: &amp;apos;10.0.0.4&amp;apos;, os.name: &amp;apos;Windows 10&amp;apos;, os.arch: &amp;apos;amd64&amp;apos;, os.version: &amp;apos;10.0&amp;apos;, java.version: &amp;apos;13.0.1&amp;apos;
Driver info: org.openqa.selenium.chrome.ChromeDriver
Capabilities {acceptInsecureCerts: false, browserName: chrome, browserVersion: 100.0.4896.88, chrome: {chromedriverVersion: 100.0.4896.60 (6a5d10861ce8..., userDataDir: C:\Users\Lenskart\AppData\L...}, goog:chromeOptions: {debuggerAddress: localhost:53780}, javascriptEnabled: true, networkConnectionEnabled: false, pageLoadStrategy: normal, platform: WINDOWS, platformName: WINDOWS, proxy: Proxy(), setWindowRect: true, strictFileInteractability: false, timeouts: {implicit: 0, pageLoad: 300000, script: 30000}, unhandledPromptBehavior: dismiss and notify, webauthn:extension:credBlob: true, webauthn:extension:largeBlob: true, webauthn:virtualAuthenticators: true}
Session ID: 706da42d415fd2f5007ceb70983083c5
*** Element info: {Using=xpath, value=//span[@style=&amp;apos;color:green;font-size:20px;&amp;apos;]}">
      <![CDATA[org.openqa.selenium.NoSuchElementException: no such element: Unable to locate element: {"method":"xpath","selector":"//span[@style='color:green;font-size:20px;']"}
  (Session info: headless chrome=100.0.4896.88)
For documentation on this error, please visit: https://www.seleniumhq.org/exceptions/no_such_element.html
Build info: version: '3.141.59', revision: 'e82be7d358', time: '2018-11-14T08:17:03'
System info: host: 'DESKTOP-A71PO2S', ip: '10.0.0.4', os.name: 'Windows 10', os.arch: 'amd64', os.version: '10.0', java.version: '13.0.1'
Driver info: org.openqa.selenium.chrome.ChromeDriver
Capabilities {acceptInsecureCerts: false, browserName: chrome, browserVersion: 100.0.4896.88, chrome: {chromedriverVersion: 100.0.4896.60 (6a5d10861ce8..., userDataDir: C:\Users\Lenskart\AppData\L...}, goog:chromeOptions: {debuggerAddress: localhost:53780}, javascriptEnabled: true, networkConnectionEnabled: false, pageLoadStrategy: normal, platform: WINDOWS, platformName: WINDOWS, proxy: Proxy(), setWindowRect: true, strictFileInteractability: false, timeouts: {implicit: 0, pageLoad: 300000, script: 30000}, unhandledPromptBehavior: dismiss and notify, webauthn:extension:credBlob: true, webauthn:extension:largeBlob: true, webauthn:virtualAuthenticators: true}
Session ID: 706da42d415fd2f5007ceb70983083c5
*** Element info: {Using=xpath, value=//span[@style='color:green;font-size:20px;']}
at org.openqa.selenium.remote.http.W3CHttpResponseCodec.createException(W3CHttpResponseCodec.java:187)
at org.openqa.selenium.remote.http.W3CHttpResponseCodec.decode(W3CHttpResponseCodec.java:122)
at org.openqa.selenium.remote.http.W3CHttpResponseCodec.decode(W3CHttpResponseCodec.java:49)
at org.openqa.selenium.remote.HttpCommandExecutor.execute(HttpCommandExecutor.java:158)
at org.openqa.selenium.remote.service.DriverCommandExecutor.execute(DriverCommandExecutor.java:83)
at org.openqa.selenium.remote.RemoteWebDriver.execute(RemoteWebDriver.java:552)
at org.openqa.selenium.remote.RemoteWebDriver.findElement(RemoteWebDriver.java:323)
at org.openqa.selenium.remote.RemoteWebDriver.findElementByXPath(RemoteWebDriver.java:428)
at org.openqa.selenium.By$ByXPath.findElement(By.java:353)
at org.openqa.selenium.remote.RemoteWebDriver.findElement(RemoteWebDriver.java:315)
at com.vsm.VSMCancellation.vsmCanelation(VSMCancellation.java:139)
at java.base/java.util.concurrent.FutureTask.run(FutureTask.java:264)
at java.base/java.util.concurrent.Executors$RunnableAdapter.call(Executors.java:515)
at java.base/java.util.concurrent.FutureTask.run(FutureTask.java:264)
at java.base/java.util.concurrent.ThreadPoolExecutor.runWorker(ThreadPoolExecutor.java:1128)
at java.base/java.util.concurrent.ThreadPoolExecutor$Worker.run(ThreadPoolExecutor.java:628)
at java.base/java.lang.Thread.run(Thread.java:830)
... Removed 12 stack frames]]>
    </failure>
  </testcase> <!-- vsmCanelation -->
  <testcase classname="com.vsm.VSMCancellation" name="vsmCanelation" time="13.598"/>
  <testcase classname="com.vsm.VSMCancellation" name="vsmCanelation" time="14.61"/>
  <testcase classname="com.vsm.VSMCancellation" name="vsmCanelation" time="20.262"/>
  <testcase classname="com.vsm.VSMCancellation" name="vsmCanelation" time="20.85"/>
  <testcase classname="com.vsm.VSMCancellation" name="vsmCanelation" time="45.529"/>
  <testcase classname="com.vsm.VSMCancellation" name="vsmCanelation" time="27.593"/>
  <testcase classname="com.vsm.VSMCancellation" name="vsmCanelation" time="15.825"/>
  <testcase classname="com.vsm.VSMCancellation" name="vsmCanelation" time="388.438"/>
</testsuite> <!-- Test -->
