<?xml version="1.0" encoding="UTF-8"?>
<!-- Generated by org.testng.reporters.JUnitReportReporter -->
<testsuite hostname="DESKTOP-A71PO2S" failures="0" tests="91" name="com.vsm.VSMCancellation" time="4626.182" errors="5" timestamp="2022-04-15T14:20:51 IST" skipped="0">
  <testcase classname="com.vsm.VSMCancellation" name="vsmCanelation" time="30.177"/>
  <system-out/>
  <testcase classname="com.vsm.VSMCancellation" name="vsmCanelation" time="18.941"/>
  <system-out/>
  <testcase classname="com.vsm.VSMCancellation" name="vsmCanelation" time="17.108">
    <error message="no such element: Unable to locate element: {&quot;method&quot;:&quot;xpath&quot;,&quot;selector&quot;:&quot;//span[@style=&#039;color:green;font-size:20px;&#039;]&quot;}
  (Session info: headless chrome=100.0.4896.88)
For documentation on this error, please visit: https://www.seleniumhq.org/exceptions/no_such_element.html
Build info: version: &#039;3.141.59&#039;, revision: &#039;e82be7d358&#039;, time: &#039;2018-11-14T08:17:03&#039;
System info: host: &#039;DESKTOP-A71PO2S&#039;, ip: &#039;10.0.0.4&#039;, os.name: &#039;Windows 10&#039;, os.arch: &#039;amd64&#039;, os.version: &#039;10.0&#039;, java.version: &#039;13.0.1&#039;
Driver info: org.openqa.selenium.chrome.ChromeDriver
Capabilities {acceptInsecureCerts: false, browserName: chrome, browserVersion: 100.0.4896.88, chrome: {chromedriverVersion: 100.0.4896.60 (6a5d10861ce8..., userDataDir: C:\Users\Lenskart\AppData\L...}, goog:chromeOptions: {debuggerAddress: localhost:53780}, javascriptEnabled: true, networkConnectionEnabled: false, pageLoadStrategy: normal, platform: WINDOWS, platformName: WINDOWS, proxy: Proxy(), setWindowRect: true, strictFileInteractability: false, timeouts: {implicit: 0, pageLoad: 300000, script: 30000}, unhandledPromptBehavior: dismiss and notify, webauthn:extension:credBlob: true, webauthn:extension:largeBlob: true, webauthn:virtualAuthenticators: true}
Session ID: 706da42d415fd2f5007ceb70983083c5
*** Element info: {Using=xpath, value=//span[@style=&#039;color:green;font-size:20px;&#039;]}" type="org.openqa.selenium.NoSuchElementException">
      <![CDATA[org.openqa.selenium.NoSuchElementException: no such element: Unable to locate element: {"method":"xpath","selector":"//span[@style='color:green;font-size:20px;']"}
  (Session info: headless chrome=100.0.4896.88)
For documentation on this error, please visit: https://www.seleniumhq.org/exceptions/no_such_element.html
Build info: version: '3.141.59', revision: 'e82be7d358', time: '2018-11-14T08:17:03'
System info: host: 'DESKTOP-A71PO2S', ip: '10.0.0.4', os.name: 'Windows 10', os.arch: 'amd64', os.version: '10.0', java.version: '13.0.1'
Driver info: org.openqa.selenium.chrome.ChromeDriver
Capabilities {acceptInsecureCerts: false, browserName: chrome, browserVersion: 100.0.4896.88, chrome: {chromedriverVersion: 100.0.4896.60 (6a5d10861ce8..., userDataDir: C:\Users\Lenskart\AppData\L...}, goog:chromeOptions: {debuggerAddress: localhost:53780}, javascriptEnabled: true, networkConnectionEnabled: false, pageLoadStrategy: normal, platform: WINDOWS, platformName: WINDOWS, proxy: Proxy(), setWindowRect: true, strictFileInteractability: false, timeouts: {implicit: 0, pageLoad: 300000, script: 30000}, unhandledPromptBehavior: dismiss and notify, webauthn:extension:credBlob: true, webauthn:extension:largeBlob: true, webauthn:virtualAuthenticators: true}
Session ID: 706da42d415fd2f5007ceb70983083c5
*** Element info: {Using=xpath, value=//span[@style='color:green;font-size:20px;']}
at jdk.internal.reflect.GeneratedConstructorAccessor22.newInstance(Unknown Source)
at java.base/jdk.internal.reflect.DelegatingConstructorAccessorImpl.newInstance(DelegatingConstructorAccessorImpl.java:45)
at java.base/java.lang.reflect.Constructor.newInstanceWithCaller(Constructor.java:500)
at java.base/java.lang.reflect.Constructor.newInstance(Constructor.java:481)
at org.openqa.selenium.remote.http.W3CHttpResponseCodec.createException(W3CHttpResponseCodec.java:187)
at org.openqa.selenium.remote.http.W3CHttpResponseCodec.decode(W3CHttpResponseCodec.java:122)
at org.openqa.selenium.remote.http.W3CHttpResponseCodec.decode(W3CHttpResponseCodec.java:49)
at org.openqa.selenium.remote.HttpCommandExecutor.execute(HttpCommandExecutor.java:158)
at org.openqa.selenium.remote.service.DriverCommandExecutor.execute(DriverCommandExecutor.java:83)
at org.openqa.selenium.remote.RemoteWebDriver.execute(RemoteWebDriver.java:552)
at org.openqa.selenium.remote.RemoteWebDriver.findElement(RemoteWebDriver.java:323)
at org.openqa.selenium.remote.RemoteWebDriver.findElementByXPath(RemoteWebDriver.java:428)
at org.openqa.selenium.By$ByXPath.findElement(By.java:353)
at org.openqa.selenium.remote.RemoteWebDriver.findElement(RemoteWebDriver.java:315)
at com.vsm.VSMCancellation.vsmCanelation(VSMCancellation.java:139)
at jdk.internal.reflect.GeneratedMethodAccessor1.invoke(Unknown Source)
at java.base/jdk.internal.reflect.DelegatingMethodAccessorImpl.invoke(DelegatingMethodAccessorImpl.java:43)
at java.base/java.lang.reflect.Method.invoke(Method.java:567)
at org.testng.internal.MethodInvocationHelper.invokeMethod(MethodInvocationHelper.java:132)
at org.testng.internal.TestInvoker.invokeMethod(TestInvoker.java:599)
at org.testng.internal.TestInvoker.invokeTestMethod(TestInvoker.java:174)
at org.testng.internal.TestMethodWithDataProviderMethodWorker.call(TestMethodWithDataProviderMethodWorker.java:77)
at org.testng.internal.TestMethodWithDataProviderMethodWorker.call(TestMethodWithDataProviderMethodWorker.java:15)
at java.base/java.util.concurrent.FutureTask.run(FutureTask.java:264)
at java.base/java.util.concurrent.Executors$RunnableAdapter.call(Executors.java:515)
at java.base/java.util.concurrent.FutureTask.run(FutureTask.java:264)
at java.base/java.util.concurrent.ThreadPoolExecutor.runWorker(ThreadPoolExecutor.java:1128)
at java.base/java.util.concurrent.ThreadPoolExecutor$Worker.run(ThreadPoolExecutor.java:628)
at java.base/java.lang.Thread.run(Thread.java:830)
]]>
    </error>
  </testcase> <!-- vsmCanelation -->
  <system-out/>
  <testcase classname="com.vsm.VSMCancellation" name="vsmCanelation" time="25.700"/>
  <system-out/>
  <testcase classname="com.vsm.VSMCancellation" name="vsmCanelation" time="22.016"/>
  <system-out/>
  <testcase classname="com.vsm.VSMCancellation" name="vsmCanelation" time="25.019"/>
  <system-out/>
  <testcase classname="com.vsm.VSMCancellation" name="vsmCanelation" time="21.706"/>
  <system-out/>
  <testcase classname="com.vsm.VSMCancellation" name="vsmCanelation" time="59.572">
    <error message="no such element: Unable to locate element: {&quot;method&quot;:&quot;xpath&quot;,&quot;selector&quot;:&quot;//span[@style=&#039;color:green;font-size:20px;&#039;]&quot;}
  (Session info: headless chrome=100.0.4896.88)
For documentation on this error, please visit: https://www.seleniumhq.org/exceptions/no_such_element.html
Build info: version: &#039;3.141.59&#039;, revision: &#039;e82be7d358&#039;, time: &#039;2018-11-14T08:17:03&#039;
System info: host: &#039;DESKTOP-A71PO2S&#039;, ip: &#039;10.0.0.4&#039;, os.name: &#039;Windows 10&#039;, os.arch: &#039;amd64&#039;, os.version: &#039;10.0&#039;, java.version: &#039;13.0.1&#039;
Driver info: org.openqa.selenium.chrome.ChromeDriver
Capabilities {acceptInsecureCerts: false, browserName: chrome, browserVersion: 100.0.4896.88, chrome: {chromedriverVersion: 100.0.4896.60 (6a5d10861ce8..., userDataDir: C:\Users\Lenskart\AppData\L...}, goog:chromeOptions: {debuggerAddress: localhost:51455}, javascriptEnabled: true, networkConnectionEnabled: false, pageLoadStrategy: normal, platform: WINDOWS, platformName: WINDOWS, proxy: Proxy(), setWindowRect: true, strictFileInteractability: false, timeouts: {implicit: 0, pageLoad: 300000, script: 30000}, unhandledPromptBehavior: dismiss and notify, webauthn:extension:credBlob: true, webauthn:extension:largeBlob: true, webauthn:virtualAuthenticators: true}
Session ID: df22abb42f23efb52e7e6dd1ee394f14
*** Element info: {Using=xpath, value=//span[@style=&#039;color:green;font-size:20px;&#039;]}" type="org.openqa.selenium.NoSuchElementException">
      <![CDATA[org.openqa.selenium.NoSuchElementException: no such element: Unable to locate element: {"method":"xpath","selector":"//span[@style='color:green;font-size:20px;']"}
  (Session info: headless chrome=100.0.4896.88)
For documentation on this error, please visit: https://www.seleniumhq.org/exceptions/no_such_element.html
Build info: version: '3.141.59', revision: 'e82be7d358', time: '2018-11-14T08:17:03'
System info: host: 'DESKTOP-A71PO2S', ip: '10.0.0.4', os.name: 'Windows 10', os.arch: 'amd64', os.version: '10.0', java.version: '13.0.1'
Driver info: org.openqa.selenium.chrome.ChromeDriver
Capabilities {acceptInsecureCerts: false, browserName: chrome, browserVersion: 100.0.4896.88, chrome: {chromedriverVersion: 100.0.4896.60 (6a5d10861ce8..., userDataDir: C:\Users\Lenskart\AppData\L...}, goog:chromeOptions: {debuggerAddress: localhost:51455}, javascriptEnabled: true, networkConnectionEnabled: false, pageLoadStrategy: normal, platform: WINDOWS, platformName: WINDOWS, proxy: Proxy(), setWindowRect: true, strictFileInteractability: false, timeouts: {implicit: 0, pageLoad: 300000, script: 30000}, unhandledPromptBehavior: dismiss and notify, webauthn:extension:credBlob: true, webauthn:extension:largeBlob: true, webauthn:virtualAuthenticators: true}
Session ID: df22abb42f23efb52e7e6dd1ee394f14
*** Element info: {Using=xpath, value=//span[@style='color:green;font-size:20px;']}
at jdk.internal.reflect.GeneratedConstructorAccessor22.newInstance(Unknown Source)
at java.base/jdk.internal.reflect.DelegatingConstructorAccessorImpl.newInstance(DelegatingConstructorAccessorImpl.java:45)
at java.base/java.lang.reflect.Constructor.newInstanceWithCaller(Constructor.java:500)
at java.base/java.lang.reflect.Constructor.newInstance(Constructor.java:481)
at org.openqa.selenium.remote.http.W3CHttpResponseCodec.createException(W3CHttpResponseCodec.java:187)
at org.openqa.selenium.remote.http.W3CHttpResponseCodec.decode(W3CHttpResponseCodec.java:122)
at org.openqa.selenium.remote.http.W3CHttpResponseCodec.decode(W3CHttpResponseCodec.java:49)
at org.openqa.selenium.remote.HttpCommandExecutor.execute(HttpCommandExecutor.java:158)
at org.openqa.selenium.remote.service.DriverCommandExecutor.execute(DriverCommandExecutor.java:83)
at org.openqa.selenium.remote.RemoteWebDriver.execute(RemoteWebDriver.java:552)
at org.openqa.selenium.remote.RemoteWebDriver.findElement(RemoteWebDriver.java:323)
at org.openqa.selenium.remote.RemoteWebDriver.findElementByXPath(RemoteWebDriver.java:428)
at org.openqa.selenium.By$ByXPath.findElement(By.java:353)
at org.openqa.selenium.remote.RemoteWebDriver.findElement(RemoteWebDriver.java:315)
at com.vsm.VSMCancellation.vsmCanelation(VSMCancellation.java:139)
at jdk.internal.reflect.GeneratedMethodAccessor1.invoke(Unknown Source)
at java.base/jdk.internal.reflect.DelegatingMethodAccessorImpl.invoke(DelegatingMethodAccessorImpl.java:43)
at java.base/java.lang.reflect.Method.invoke(Method.java:567)
at org.testng.internal.MethodInvocationHelper.invokeMethod(MethodInvocationHelper.java:132)
at org.testng.internal.TestInvoker.invokeMethod(TestInvoker.java:599)
at org.testng.internal.TestInvoker.invokeTestMethod(TestInvoker.java:174)
at org.testng.internal.TestMethodWithDataProviderMethodWorker.call(TestMethodWithDataProviderMethodWorker.java:77)
at org.testng.internal.TestMethodWithDataProviderMethodWorker.call(TestMethodWithDataProviderMethodWorker.java:15)
at java.base/java.util.concurrent.FutureTask.run(FutureTask.java:264)
at java.base/java.util.concurrent.Executors$RunnableAdapter.call(Executors.java:515)
at java.base/java.util.concurrent.FutureTask.run(FutureTask.java:264)
at java.base/java.util.concurrent.ThreadPoolExecutor.runWorker(ThreadPoolExecutor.java:1128)
at java.base/java.util.concurrent.ThreadPoolExecutor$Worker.run(ThreadPoolExecutor.java:628)
at java.base/java.lang.Thread.run(Thread.java:830)
]]>
    </error>
  </testcase> <!-- vsmCanelation -->
  <system-out/>
  <testcase classname="com.vsm.VSMCancellation" name="vsmCanelation" time="15.085"/>
  <system-out/>
  <testcase classname="com.vsm.VSMCancellation" name="vsmCanelation" time="13.345"/>
  <system-out/>
  <testcase classname="com.vsm.VSMCancellation" name="vsmCanelation" time="12.322"/>
  <system-out/>
  <testcase classname="com.vsm.VSMCancellation" name="vsmCanelation" time="20.819"/>
  <system-out/>
  <testcase classname="com.vsm.VSMCancellation" name="vsmCanelation" time="11.905"/>
  <system-out/>
  <testcase classname="com.vsm.VSMCancellation" name="vsmCanelation" time="13.229"/>
  <system-out/>
  <testcase classname="com.vsm.VSMCancellation" name="vsmCanelation" time="11.691"/>
  <system-out/>
  <testcase classname="com.vsm.VSMCancellation" name="vsmCanelation" time="65.846"/>
  <system-out/>
  <testcase classname="com.vsm.VSMCancellation" name="vsmCanelation" time="19.598"/>
  <system-out/>
  <testcase classname="com.vsm.VSMCancellation" name="vsmCanelation" time="12.434"/>
  <system-out/>
  <testcase classname="com.vsm.VSMCancellation" name="vsmCanelation" time="16.522"/>
  <system-out/>
  <testcase classname="com.vsm.VSMCancellation" name="vsmCanelation" time="20.850"/>
  <system-out/>
  <testcase classname="com.vsm.VSMCancellation" name="vsmCanelation" time="20.391"/>
  <system-out/>
  <testcase classname="com.vsm.VSMCancellation" name="vsmCanelation" time="11.866"/>
  <system-out/>
  <testcase classname="com.vsm.VSMCancellation" name="vsmCanelation" time="14.610"/>
  <system-out/>
  <testcase classname="com.vsm.VSMCancellation" name="vsmCanelation" time="12.948"/>
  <system-out/>
  <testcase classname="com.vsm.VSMCancellation" name="vsmCanelation" time="27.593"/>
  <system-out/>
  <testcase classname="com.vsm.VSMCancellation" name="vsmCanelation" time="156.032"/>
  <system-out/>
  <testcase classname="com.vsm.VSMCancellation" name="vsmCanelation" time="35.904"/>
  <system-out/>
  <testcase classname="com.vsm.VSMCancellation" name="vsmCanelation" time="23.715"/>
  <system-out/>
  <testcase classname="com.vsm.VSMCancellation" name="vsmCanelation" time="15.937"/>
  <system-out/>
  <testcase classname="com.vsm.VSMCancellation" name="vsmCanelation" time="12.625"/>
  <system-out/>
  <testcase classname="com.vsm.VSMCancellation" name="vsmCanelation" time="12.763"/>
  <system-out/>
  <testcase classname="com.vsm.VSMCancellation" name="vsmCanelation" time="302.031"/>
  <system-out/>
  <testcase classname="com.vsm.VSMCancellation" name="vsmCanelation" time="12.114"/>
  <system-out/>
  <testcase classname="com.vsm.VSMCancellation" name="vsmCanelation" time="388.438"/>
  <system-out/>
  <testcase classname="com.vsm.VSMCancellation" name="vsmCanelation" time="583.364"/>
  <system-out/>
  <testcase classname="com.vsm.VSMCancellation" name="vsmCanelation" time="45.529"/>
  <system-out/>
  <testcase classname="com.vsm.VSMCancellation" name="vsmCanelation" time="16.557"/>
  <system-out/>
  <testcase classname="com.vsm.VSMCancellation" name="vsmCanelation" time="49.963">
    <error message="no such element: Unable to locate element: {&quot;method&quot;:&quot;xpath&quot;,&quot;selector&quot;:&quot;//span[@style=&#039;color:green;font-size:20px;&#039;]&quot;}
  (Session info: headless chrome=100.0.4896.88)
For documentation on this error, please visit: https://www.seleniumhq.org/exceptions/no_such_element.html
Build info: version: &#039;3.141.59&#039;, revision: &#039;e82be7d358&#039;, time: &#039;2018-11-14T08:17:03&#039;
System info: host: &#039;DESKTOP-A71PO2S&#039;, ip: &#039;10.0.0.4&#039;, os.name: &#039;Windows 10&#039;, os.arch: &#039;amd64&#039;, os.version: &#039;10.0&#039;, java.version: &#039;13.0.1&#039;
Driver info: org.openqa.selenium.chrome.ChromeDriver
Capabilities {acceptInsecureCerts: false, browserName: chrome, browserVersion: 100.0.4896.88, chrome: {chromedriverVersion: 100.0.4896.60 (6a5d10861ce8..., userDataDir: C:\Users\Lenskart\AppData\L...}, goog:chromeOptions: {debuggerAddress: localhost:51372}, javascriptEnabled: true, networkConnectionEnabled: false, pageLoadStrategy: normal, platform: WINDOWS, platformName: WINDOWS, proxy: Proxy(), setWindowRect: true, strictFileInteractability: false, timeouts: {implicit: 0, pageLoad: 300000, script: 30000}, unhandledPromptBehavior: dismiss and notify, webauthn:extension:credBlob: true, webauthn:extension:largeBlob: true, webauthn:virtualAuthenticators: true}
Session ID: 37fc40472dd3e025fc7c0083f801c6e5
*** Element info: {Using=xpath, value=//span[@style=&#039;color:green;font-size:20px;&#039;]}" type="org.openqa.selenium.NoSuchElementException">
      <![CDATA[org.openqa.selenium.NoSuchElementException: no such element: Unable to locate element: {"method":"xpath","selector":"//span[@style='color:green;font-size:20px;']"}
  (Session info: headless chrome=100.0.4896.88)
For documentation on this error, please visit: https://www.seleniumhq.org/exceptions/no_such_element.html
Build info: version: '3.141.59', revision: 'e82be7d358', time: '2018-11-14T08:17:03'
System info: host: 'DESKTOP-A71PO2S', ip: '10.0.0.4', os.name: 'Windows 10', os.arch: 'amd64', os.version: '10.0', java.version: '13.0.1'
Driver info: org.openqa.selenium.chrome.ChromeDriver
Capabilities {acceptInsecureCerts: false, browserName: chrome, browserVersion: 100.0.4896.88, chrome: {chromedriverVersion: 100.0.4896.60 (6a5d10861ce8..., userDataDir: C:\Users\Lenskart\AppData\L...}, goog:chromeOptions: {debuggerAddress: localhost:51372}, javascriptEnabled: true, networkConnectionEnabled: false, pageLoadStrategy: normal, platform: WINDOWS, platformName: WINDOWS, proxy: Proxy(), setWindowRect: true, strictFileInteractability: false, timeouts: {implicit: 0, pageLoad: 300000, script: 30000}, unhandledPromptBehavior: dismiss and notify, webauthn:extension:credBlob: true, webauthn:extension:largeBlob: true, webauthn:virtualAuthenticators: true}
Session ID: 37fc40472dd3e025fc7c0083f801c6e5
*** Element info: {Using=xpath, value=//span[@style='color:green;font-size:20px;']}
at jdk.internal.reflect.GeneratedConstructorAccessor22.newInstance(Unknown Source)
at java.base/jdk.internal.reflect.DelegatingConstructorAccessorImpl.newInstance(DelegatingConstructorAccessorImpl.java:45)
at java.base/java.lang.reflect.Constructor.newInstanceWithCaller(Constructor.java:500)
at java.base/java.lang.reflect.Constructor.newInstance(Constructor.java:481)
at org.openqa.selenium.remote.http.W3CHttpResponseCodec.createException(W3CHttpResponseCodec.java:187)
at org.openqa.selenium.remote.http.W3CHttpResponseCodec.decode(W3CHttpResponseCodec.java:122)
at org.openqa.selenium.remote.http.W3CHttpResponseCodec.decode(W3CHttpResponseCodec.java:49)
at org.openqa.selenium.remote.HttpCommandExecutor.execute(HttpCommandExecutor.java:158)
at org.openqa.selenium.remote.service.DriverCommandExecutor.execute(DriverCommandExecutor.java:83)
at org.openqa.selenium.remote.RemoteWebDriver.execute(RemoteWebDriver.java:552)
at org.openqa.selenium.remote.RemoteWebDriver.findElement(RemoteWebDriver.java:323)
at org.openqa.selenium.remote.RemoteWebDriver.findElementByXPath(RemoteWebDriver.java:428)
at org.openqa.selenium.By$ByXPath.findElement(By.java:353)
at org.openqa.selenium.remote.RemoteWebDriver.findElement(RemoteWebDriver.java:315)
at com.vsm.VSMCancellation.vsmCanelation(VSMCancellation.java:139)
at jdk.internal.reflect.GeneratedMethodAccessor1.invoke(Unknown Source)
at java.base/jdk.internal.reflect.DelegatingMethodAccessorImpl.invoke(DelegatingMethodAccessorImpl.java:43)
at java.base/java.lang.reflect.Method.invoke(Method.java:567)
at org.testng.internal.MethodInvocationHelper.invokeMethod(MethodInvocationHelper.java:132)
at org.testng.internal.TestInvoker.invokeMethod(TestInvoker.java:599)
at org.testng.internal.TestInvoker.invokeTestMethod(TestInvoker.java:174)
at org.testng.internal.TestMethodWithDataProviderMethodWorker.call(TestMethodWithDataProviderMethodWorker.java:77)
at org.testng.internal.TestMethodWithDataProviderMethodWorker.call(TestMethodWithDataProviderMethodWorker.java:15)
at java.base/java.util.concurrent.FutureTask.run(FutureTask.java:264)
at java.base/java.util.concurrent.Executors$RunnableAdapter.call(Executors.java:515)
at java.base/java.util.concurrent.FutureTask.run(FutureTask.java:264)
at java.base/java.util.concurrent.ThreadPoolExecutor.runWorker(ThreadPoolExecutor.java:1128)
at java.base/java.util.concurrent.ThreadPoolExecutor$Worker.run(ThreadPoolExecutor.java:628)
at java.base/java.lang.Thread.run(Thread.java:830)
]]>
    </error>
  </testcase> <!-- vsmCanelation -->
  <system-out/>
  <testcase classname="com.vsm.VSMCancellation" name="vsmCanelation" time="13.370"/>
  <system-out/>
  <testcase classname="com.vsm.VSMCancellation" name="vsmCanelation" time="46.793"/>
  <system-out/>
  <testcase classname="com.vsm.VSMCancellation" name="vsmCanelation" time="12.400"/>
  <system-out/>
  <testcase classname="com.vsm.VSMCancellation" name="vsmCanelation" time="14.921"/>
  <system-out/>
  <testcase classname="com.vsm.VSMCancellation" name="vsmCanelation" time="15.840"/>
  <system-out/>
  <testcase classname="com.vsm.VSMCancellation" name="vsmCanelation" time="15.117"/>
  <system-out/>
  <testcase classname="com.vsm.VSMCancellation" name="vsmCanelation" time="12.079"/>
  <system-out/>
  <testcase classname="com.vsm.VSMCancellation" name="vsmCanelation" time="17.312"/>
  <system-out/>
  <testcase classname="com.vsm.VSMCancellation" name="vsmCanelation" time="119.821"/>
  <system-out/>
  <testcase classname="com.vsm.VSMCancellation" name="vsmCanelation" time="14.452"/>
  <system-out/>
  <testcase classname="com.vsm.VSMCancellation" name="vsmCanelation" time="473.812"/>
  <system-out/>
  <testcase classname="com.vsm.VSMCancellation" name="vsmCanelation" time="15.825"/>
  <system-out/>
  <testcase classname="com.vsm.VSMCancellation" name="vsmCanelation" time="12.566"/>
  <system-out/>
  <testcase classname="com.vsm.VSMCancellation" name="vsmCanelation" time="12.703"/>
  <system-out/>
  <testcase classname="com.vsm.VSMCancellation" name="vsmCanelation" time="82.920"/>
  <system-out/>
  <testcase classname="com.vsm.VSMCancellation" name="vsmCanelation" time="21.223"/>
  <system-out/>
  <testcase classname="com.vsm.VSMCancellation" name="vsmCanelation" time="46.277"/>
  <system-out/>
  <testcase classname="com.vsm.VSMCancellation" name="vsmCanelation" time="18.839">
    <error message="no such element: Unable to locate element: {&quot;method&quot;:&quot;xpath&quot;,&quot;selector&quot;:&quot;//*[@id=&#039;rounded-corner&#039;]/tbody/tr[1]/td[2]&quot;}
  (Session info: headless chrome=100.0.4896.88)
For documentation on this error, please visit: https://www.seleniumhq.org/exceptions/no_such_element.html
Build info: version: &#039;3.141.59&#039;, revision: &#039;e82be7d358&#039;, time: &#039;2018-11-14T08:17:03&#039;
System info: host: &#039;DESKTOP-A71PO2S&#039;, ip: &#039;10.0.0.4&#039;, os.name: &#039;Windows 10&#039;, os.arch: &#039;amd64&#039;, os.version: &#039;10.0&#039;, java.version: &#039;13.0.1&#039;
Driver info: org.openqa.selenium.chrome.ChromeDriver
Capabilities {acceptInsecureCerts: false, browserName: chrome, browserVersion: 100.0.4896.88, chrome: {chromedriverVersion: 100.0.4896.60 (6a5d10861ce8..., userDataDir: C:\Users\Lenskart\AppData\L...}, goog:chromeOptions: {debuggerAddress: localhost:51280}, javascriptEnabled: true, networkConnectionEnabled: false, pageLoadStrategy: normal, platform: WINDOWS, platformName: WINDOWS, proxy: Proxy(), setWindowRect: true, strictFileInteractability: false, timeouts: {implicit: 0, pageLoad: 300000, script: 30000}, unhandledPromptBehavior: dismiss and notify, webauthn:extension:credBlob: true, webauthn:extension:largeBlob: true, webauthn:virtualAuthenticators: true}
Session ID: 065014f3d306376702d22574fe6d3c3f
*** Element info: {Using=xpath, value=//*[@id=&#039;rounded-corner&#039;]/tbody/tr[1]/td[2]}" type="org.openqa.selenium.NoSuchElementException">
      <![CDATA[org.openqa.selenium.NoSuchElementException: no such element: Unable to locate element: {"method":"xpath","selector":"//*[@id='rounded-corner']/tbody/tr[1]/td[2]"}
  (Session info: headless chrome=100.0.4896.88)
For documentation on this error, please visit: https://www.seleniumhq.org/exceptions/no_such_element.html
Build info: version: '3.141.59', revision: 'e82be7d358', time: '2018-11-14T08:17:03'
System info: host: 'DESKTOP-A71PO2S', ip: '10.0.0.4', os.name: 'Windows 10', os.arch: 'amd64', os.version: '10.0', java.version: '13.0.1'
Driver info: org.openqa.selenium.chrome.ChromeDriver
Capabilities {acceptInsecureCerts: false, browserName: chrome, browserVersion: 100.0.4896.88, chrome: {chromedriverVersion: 100.0.4896.60 (6a5d10861ce8..., userDataDir: C:\Users\Lenskart\AppData\L...}, goog:chromeOptions: {debuggerAddress: localhost:51280}, javascriptEnabled: true, networkConnectionEnabled: false, pageLoadStrategy: normal, platform: WINDOWS, platformName: WINDOWS, proxy: Proxy(), setWindowRect: true, strictFileInteractability: false, timeouts: {implicit: 0, pageLoad: 300000, script: 30000}, unhandledPromptBehavior: dismiss and notify, webauthn:extension:credBlob: true, webauthn:extension:largeBlob: true, webauthn:virtualAuthenticators: true}
Session ID: 065014f3d306376702d22574fe6d3c3f
*** Element info: {Using=xpath, value=//*[@id='rounded-corner']/tbody/tr[1]/td[2]}
at jdk.internal.reflect.GeneratedConstructorAccessor22.newInstance(Unknown Source)
at java.base/jdk.internal.reflect.DelegatingConstructorAccessorImpl.newInstance(DelegatingConstructorAccessorImpl.java:45)
at java.base/java.lang.reflect.Constructor.newInstanceWithCaller(Constructor.java:500)
at java.base/java.lang.reflect.Constructor.newInstance(Constructor.java:481)
at org.openqa.selenium.remote.http.W3CHttpResponseCodec.createException(W3CHttpResponseCodec.java:187)
at org.openqa.selenium.remote.http.W3CHttpResponseCodec.decode(W3CHttpResponseCodec.java:122)
at org.openqa.selenium.remote.http.W3CHttpResponseCodec.decode(W3CHttpResponseCodec.java:49)
at org.openqa.selenium.remote.HttpCommandExecutor.execute(HttpCommandExecutor.java:158)
at org.openqa.selenium.remote.service.DriverCommandExecutor.execute(DriverCommandExecutor.java:83)
at org.openqa.selenium.remote.RemoteWebDriver.execute(RemoteWebDriver.java:552)
at org.openqa.selenium.remote.RemoteWebDriver.findElement(RemoteWebDriver.java:323)
at org.openqa.selenium.remote.RemoteWebDriver.findElementByXPath(RemoteWebDriver.java:428)
at org.openqa.selenium.By$ByXPath.findElement(By.java:353)
at org.openqa.selenium.remote.RemoteWebDriver.findElement(RemoteWebDriver.java:315)
at com.vsm.VSMCancellation.vsmCanelation(VSMCancellation.java:86)
at jdk.internal.reflect.GeneratedMethodAccessor1.invoke(Unknown Source)
at java.base/jdk.internal.reflect.DelegatingMethodAccessorImpl.invoke(DelegatingMethodAccessorImpl.java:43)
at java.base/java.lang.reflect.Method.invoke(Method.java:567)
at org.testng.internal.MethodInvocationHelper.invokeMethod(MethodInvocationHelper.java:132)
at org.testng.internal.TestInvoker.invokeMethod(TestInvoker.java:599)
at org.testng.internal.TestInvoker.invokeTestMethod(TestInvoker.java:174)
at org.testng.internal.TestMethodWithDataProviderMethodWorker.call(TestMethodWithDataProviderMethodWorker.java:77)
at org.testng.internal.TestMethodWithDataProviderMethodWorker.call(TestMethodWithDataProviderMethodWorker.java:15)
at java.base/java.util.concurrent.FutureTask.run(FutureTask.java:264)
at java.base/java.util.concurrent.Executors$RunnableAdapter.call(Executors.java:515)
at java.base/java.util.concurrent.FutureTask.run(FutureTask.java:264)
at java.base/java.util.concurrent.ThreadPoolExecutor.runWorker(ThreadPoolExecutor.java:1128)
at java.base/java.util.concurrent.ThreadPoolExecutor$Worker.run(ThreadPoolExecutor.java:628)
at java.base/java.lang.Thread.run(Thread.java:830)
]]>
    </error>
  </testcase> <!-- vsmCanelation -->
  <system-out/>
  <testcase classname="com.vsm.VSMCancellation" name="vsmCanelation" time="13.138"/>
  <system-out/>
  <testcase classname="com.vsm.VSMCancellation" name="vsmCanelation" time="19.249"/>
  <system-out/>
  <testcase classname="com.vsm.VSMCancellation" name="vsmCanelation" time="13.245"/>
  <system-out/>
  <testcase classname="com.vsm.VSMCancellation" name="vsmCanelation" time="12.025"/>
  <system-out/>
  <testcase classname="com.vsm.VSMCancellation" name="vsmCanelation" time="16.301"/>
  <system-out/>
  <testcase classname="com.vsm.VSMCancellation" name="vsmCanelation" time="15.515"/>
  <system-out/>
  <testcase classname="com.vsm.VSMCancellation" name="vsmCanelation" time="47.546"/>
  <system-out/>
  <testcase classname="com.vsm.VSMCancellation" name="vsmCanelation" time="363.245"/>
  <system-out/>
  <testcase classname="com.vsm.VSMCancellation" name="vsmCanelation" time="13.666"/>
  <system-out/>
  <testcase classname="com.vsm.VSMCancellation" name="vsmCanelation" time="11.812"/>
  <system-out/>
  <testcase classname="com.vsm.VSMCancellation" name="vsmCanelation" time="12.814"/>
  <system-out/>
  <testcase classname="com.vsm.VSMCancellation" name="vsmCanelation" time="13.598"/>
  <system-out/>
  <testcase classname="com.vsm.VSMCancellation" name="vsmCanelation" time="29.942"/>
  <system-out/>
  <testcase classname="com.vsm.VSMCancellation" name="vsmCanelation" time="109.275"/>
  <system-out/>
  <testcase classname="com.vsm.VSMCancellation" name="vsmCanelation" time="26.189"/>
  <system-out/>
  <testcase classname="com.vsm.VSMCancellation" name="vsmCanelation" time="22.278"/>
  <system-out/>
  <testcase classname="com.vsm.VSMCancellation" name="vsmCanelation" time="89.168"/>
  <system-out/>
  <testcase classname="com.vsm.VSMCancellation" name="vsmCanelation" time="30.268"/>
  <system-out/>
  <testcase classname="com.vsm.VSMCancellation" name="vsmCanelation" time="28.851"/>
  <system-out/>
  <testcase classname="com.vsm.VSMCancellation" name="vsmCanelation" time="12.054"/>
  <system-out/>
  <testcase classname="com.vsm.VSMCancellation" name="vsmCanelation" time="35.894"/>
  <system-out/>
  <testcase classname="com.vsm.VSMCancellation" name="vsmCanelation" time="13.249"/>
  <system-out/>
  <testcase classname="com.vsm.VSMCancellation" name="vsmCanelation" time="91.896"/>
  <system-out/>
  <testcase classname="com.vsm.VSMCancellation" name="vsmCanelation" time="40.895"/>
  <system-out/>
  <testcase classname="com.vsm.VSMCancellation" name="vsmCanelation" time="13.661"/>
  <system-out/>
  <testcase classname="com.vsm.VSMCancellation" name="vsmCanelation" time="12.225"/>
  <system-out/>
  <testcase classname="com.vsm.VSMCancellation" name="vsmCanelation" time="174.069">
    <error message="no such element: Unable to locate element: {&quot;method&quot;:&quot;xpath&quot;,&quot;selector&quot;:&quot;//span[@style=&#039;color:green;font-size:20px;&#039;]&quot;}
  (Session info: headless chrome=100.0.4896.88)
For documentation on this error, please visit: https://www.seleniumhq.org/exceptions/no_such_element.html
Build info: version: &#039;3.141.59&#039;, revision: &#039;e82be7d358&#039;, time: &#039;2018-11-14T08:17:03&#039;
System info: host: &#039;DESKTOP-A71PO2S&#039;, ip: &#039;10.0.0.4&#039;, os.name: &#039;Windows 10&#039;, os.arch: &#039;amd64&#039;, os.version: &#039;10.0&#039;, java.version: &#039;13.0.1&#039;
Driver info: org.openqa.selenium.chrome.ChromeDriver
Capabilities {acceptInsecureCerts: false, browserName: chrome, browserVersion: 100.0.4896.88, chrome: {chromedriverVersion: 100.0.4896.60 (6a5d10861ce8..., userDataDir: C:\Users\Lenskart\AppData\L...}, goog:chromeOptions: {debuggerAddress: localhost:65004}, javascriptEnabled: true, networkConnectionEnabled: false, pageLoadStrategy: normal, platform: WINDOWS, platformName: WINDOWS, proxy: Proxy(), setWindowRect: true, strictFileInteractability: false, timeouts: {implicit: 0, pageLoad: 300000, script: 30000}, unhandledPromptBehavior: dismiss and notify, webauthn:extension:credBlob: true, webauthn:extension:largeBlob: true, webauthn:virtualAuthenticators: true}
Session ID: 6a7dbd331f17fe5607bc5736015b6d5b
*** Element info: {Using=xpath, value=//span[@style=&#039;color:green;font-size:20px;&#039;]}" type="org.openqa.selenium.NoSuchElementException">
      <![CDATA[org.openqa.selenium.NoSuchElementException: no such element: Unable to locate element: {"method":"xpath","selector":"//span[@style='color:green;font-size:20px;']"}
  (Session info: headless chrome=100.0.4896.88)
For documentation on this error, please visit: https://www.seleniumhq.org/exceptions/no_such_element.html
Build info: version: '3.141.59', revision: 'e82be7d358', time: '2018-11-14T08:17:03'
System info: host: 'DESKTOP-A71PO2S', ip: '10.0.0.4', os.name: 'Windows 10', os.arch: 'amd64', os.version: '10.0', java.version: '13.0.1'
Driver info: org.openqa.selenium.chrome.ChromeDriver
Capabilities {acceptInsecureCerts: false, browserName: chrome, browserVersion: 100.0.4896.88, chrome: {chromedriverVersion: 100.0.4896.60 (6a5d10861ce8..., userDataDir: C:\Users\Lenskart\AppData\L...}, goog:chromeOptions: {debuggerAddress: localhost:65004}, javascriptEnabled: true, networkConnectionEnabled: false, pageLoadStrategy: normal, platform: WINDOWS, platformName: WINDOWS, proxy: Proxy(), setWindowRect: true, strictFileInteractability: false, timeouts: {implicit: 0, pageLoad: 300000, script: 30000}, unhandledPromptBehavior: dismiss and notify, webauthn:extension:credBlob: true, webauthn:extension:largeBlob: true, webauthn:virtualAuthenticators: true}
Session ID: 6a7dbd331f17fe5607bc5736015b6d5b
*** Element info: {Using=xpath, value=//span[@style='color:green;font-size:20px;']}
at jdk.internal.reflect.GeneratedConstructorAccessor22.newInstance(Unknown Source)
at java.base/jdk.internal.reflect.DelegatingConstructorAccessorImpl.newInstance(DelegatingConstructorAccessorImpl.java:45)
at java.base/java.lang.reflect.Constructor.newInstanceWithCaller(Constructor.java:500)
at java.base/java.lang.reflect.Constructor.newInstance(Constructor.java:481)
at org.openqa.selenium.remote.http.W3CHttpResponseCodec.createException(W3CHttpResponseCodec.java:187)
at org.openqa.selenium.remote.http.W3CHttpResponseCodec.decode(W3CHttpResponseCodec.java:122)
at org.openqa.selenium.remote.http.W3CHttpResponseCodec.decode(W3CHttpResponseCodec.java:49)
at org.openqa.selenium.remote.HttpCommandExecutor.execute(HttpCommandExecutor.java:158)
at org.openqa.selenium.remote.service.DriverCommandExecutor.execute(DriverCommandExecutor.java:83)
at org.openqa.selenium.remote.RemoteWebDriver.execute(RemoteWebDriver.java:552)
at org.openqa.selenium.remote.RemoteWebDriver.findElement(RemoteWebDriver.java:323)
at org.openqa.selenium.remote.RemoteWebDriver.findElementByXPath(RemoteWebDriver.java:428)
at org.openqa.selenium.By$ByXPath.findElement(By.java:353)
at org.openqa.selenium.remote.RemoteWebDriver.findElement(RemoteWebDriver.java:315)
at com.vsm.VSMCancellation.vsmCanelation(VSMCancellation.java:139)
at java.base/jdk.internal.reflect.NativeMethodAccessorImpl.invoke0(Native Method)
at java.base/jdk.internal.reflect.NativeMethodAccessorImpl.invoke(NativeMethodAccessorImpl.java:62)
at java.base/jdk.internal.reflect.DelegatingMethodAccessorImpl.invoke(DelegatingMethodAccessorImpl.java:43)
at java.base/java.lang.reflect.Method.invoke(Method.java:567)
at org.testng.internal.MethodInvocationHelper.invokeMethod(MethodInvocationHelper.java:132)
at org.testng.internal.TestInvoker.invokeMethod(TestInvoker.java:599)
at org.testng.internal.TestInvoker.invokeTestMethod(TestInvoker.java:174)
at org.testng.internal.TestMethodWithDataProviderMethodWorker.call(TestMethodWithDataProviderMethodWorker.java:77)
at org.testng.internal.TestMethodWithDataProviderMethodWorker.call(TestMethodWithDataProviderMethodWorker.java:15)
at java.base/java.util.concurrent.FutureTask.run(FutureTask.java:264)
at java.base/java.util.concurrent.Executors$RunnableAdapter.call(Executors.java:515)
at java.base/java.util.concurrent.FutureTask.run(FutureTask.java:264)
at java.base/java.util.concurrent.ThreadPoolExecutor.runWorker(ThreadPoolExecutor.java:1128)
at java.base/java.util.concurrent.ThreadPoolExecutor$Worker.run(ThreadPoolExecutor.java:628)
at java.base/java.lang.Thread.run(Thread.java:830)
]]>
    </error>
  </testcase> <!-- vsmCanelation -->
  <system-out/>
  <testcase classname="com.vsm.VSMCancellation" name="vsmCanelation" time="11.797"/>
  <system-out/>
  <testcase classname="com.vsm.VSMCancellation" name="vsmCanelation" time="11.926"/>
  <system-out/>
  <testcase classname="com.vsm.VSMCancellation" name="vsmCanelation" time="12.149"/>
  <system-out/>
  <testcase classname="com.vsm.VSMCancellation" name="vsmCanelation" time="11.845"/>
  <system-out/>
  <testcase classname="com.vsm.VSMCancellation" name="vsmCanelation" time="32.705"/>
  <system-out/>
  <testcase classname="com.vsm.VSMCancellation" name="vsmCanelation" time="12.165"/>
  <system-out/>
  <testcase classname="com.vsm.VSMCancellation" name="vsmCanelation" time="20.262"/>
  <system-out/>
  <testcase classname="com.vsm.VSMCancellation" name="vsmCanelation" time="68.730"/>
  <system-out/>
</testsuite> <!-- com.vsm.VSMCancellation -->
